<?xml version="1.0" encoding="utf-8"?>
<CoverageSession xmlns:xsd="http://www.w3.org/2001/XMLSchema" xmlns:xsi="http://www.w3.org/2001/XMLSchema-instance" Version="4.7.922.0">
  <Summary numSequencePoints="504" visitedSequencePoints="407" numBranchPoints="185" visitedBranchPoints="119" sequenceCoverage="80.75" branchCoverage="64.32" maxCyclomaticComplexity="6" minCyclomaticComplexity="1" maxCrapScore="30" minCrapScore="1" visitedClasses="12" numClasses="12" visitedMethods="87" numMethods="103" />
  <Modules>
    <Module hash="54-3D-A2-9D-AA-AB-67-BF-A2-9E-05-93-41-E5-1D-74-23-9B-61-52">
      <Summary numSequencePoints="197" visitedSequencePoints="196" numBranchPoints="36" visitedBranchPoints="36" sequenceCoverage="99.49" branchCoverage="100" maxCyclomaticComplexity="1" minCyclomaticComplexity="1" maxCrapScore="2" minCrapScore="1" visitedClasses="6" numClasses="6" visitedMethods="36" numMethods="36" />
      <ModulePath>C:\Рабочий стол\Учёба\2_kurs\oop\ClassHierarchyTests\bin\Debug\fine-code-coverage\build-output\ClassHierarchyTests.dll</ModulePath>
      <ModuleTime>2024-01-12T06:37:01.0762637Z</ModuleTime>
      <ModuleName>ClassHierarchyTests</ModuleName>
      <Files>
        <File uid="1" fullPath="C:\Рабочий стол\Учёба\2_kurs\oop\ClassHierarchyTests\PartTimeStudentTests.cs" />
        <File uid="2" fullPath="C:\Рабочий стол\Учёба\2_kurs\oop\ClassHierarchyTests\PersonAgeTests.cs" />
        <File uid="3" fullPath="C:\Рабочий стол\Учёба\2_kurs\oop\ClassHierarchyTests\PersonTests.cs" />
        <File uid="4" fullPath="C:\Рабочий стол\Учёба\2_kurs\oop\ClassHierarchyTests\PlantTests.cs" />
        <File uid="5" fullPath="C:\Рабочий стол\Учёба\2_kurs\oop\ClassHierarchyTests\SchoolStudentTests.cs" />
        <File uid="6" fullPath="C:\Рабочий стол\Учёба\2_kurs\oop\ClassHierarchyTests\StudentTests.cs" />
      </Files>
      <Classes>
        <Class>
          <Summary numSequencePoints="35" visitedSequencePoints="35" numBranchPoints="6" visitedBranchPoints="6" sequenceCoverage="100" branchCoverage="100" maxCyclomaticComplexity="1" minCyclomaticComplexity="1" maxCrapScore="2" minCrapScore="1" visitedClasses="1" numClasses="1" visitedMethods="6" numMethods="6" />
          <FullName>ClassHierarchy.Tests.PartTimeStudentTests</FullName>
          <Methods>
            <Method visited="true" cyclomaticComplexity="1" nPathComplexity="0" sequenceCoverage="100" branchCoverage="100" crapScore="1" isConstructor="false" isStatic="false" isGetter="false" isSetter="false">
              <Summary numSequencePoints="4" visitedSequencePoints="4" numBranchPoints="1" visitedBranchPoints="1" sequenceCoverage="100" branchCoverage="100" maxCyclomaticComplexity="1" minCyclomaticComplexity="1" maxCrapScore="1" minCrapScore="1" visitedClasses="0" numClasses="0" visitedMethods="1" numMethods="1" />
              <MetadataToken>100663297</MetadataToken>
              <Name>System.Void ClassHierarchy.Tests.PartTimeStudentTests::PartTimeStudentTest()</Name>
              <FileRef uid="1" />
              <SequencePoints>
                <SequencePoint vc="1" uspid="1" ordinal="0" offset="0" sl="16" sc="9" el="16" ec="10" bec="0" bev="0" fileid="1" />
                <SequencePoint vc="1" uspid="2" ordinal="1" offset="1" sl="17" sc="13" el="17" ec="61" bec="0" bev="0" fileid="1" />
                <SequencePoint vc="1" uspid="3" ordinal="2" offset="7" sl="18" sc="13" el="18" ec="39" bec="0" bev="0" fileid="1" />
                <SequencePoint vc="1" uspid="4" ordinal="3" offset="14" sl="19" sc="9" el="19" ec="10" bec="0" bev="0" fileid="1" />
              </SequencePoints>
              <BranchPoints />
              <MethodPoint xsi:type="SequencePoint" vc="1" uspid="1" ordinal="0" offset="0" sl="16" sc="9" el="16" ec="10" bec="0" bev="0" fileid="1" />
            </Method>
            <Method visited="true" cyclomaticComplexity="1" nPathComplexity="0" sequenceCoverage="100" branchCoverage="100" crapScore="1" isConstructor="false" isStatic="false" isGetter="false" isSetter="false">
              <Summary numSequencePoints="7" visitedSequencePoints="7" numBranchPoints="1" visitedBranchPoints="1" sequenceCoverage="100" branchCoverage="100" maxCyclomaticComplexity="1" minCyclomaticComplexity="1" maxCrapScore="1" minCrapScore="1" visitedClasses="0" numClasses="0" visitedMethods="1" numMethods="1" />
              <MetadataToken>100663298</MetadataToken>
              <Name>System.Void ClassHierarchy.Tests.PartTimeStudentTests::PartTimeStudentTest1()</Name>
              <FileRef uid="1" />
              <SequencePoints>
                <SequencePoint vc="1" uspid="5" ordinal="0" offset="0" sl="23" sc="9" el="23" ec="10" bec="0" bev="0" fileid="1" />
                <SequencePoint vc="1" uspid="6" ordinal="1" offset="1" sl="24" sc="13" el="24" ec="94" bec="0" bev="0" fileid="1" />
                <SequencePoint vc="1" uspid="7" ordinal="2" offset="24" sl="25" sc="13" el="25" ec="56" bec="0" bev="0" fileid="1" />
                <SequencePoint vc="1" uspid="8" ordinal="3" offset="41" sl="26" sc="13" el="26" ec="46" bec="0" bev="0" fileid="1" />
                <SequencePoint vc="1" uspid="9" ordinal="4" offset="55" sl="27" sc="13" el="27" ec="58" bec="0" bev="0" fileid="1" />
                <SequencePoint vc="1" uspid="10" ordinal="5" offset="72" sl="28" sc="13" el="28" ec="56" bec="0" bev="0" fileid="1" />
                <SequencePoint vc="1" uspid="11" ordinal="6" offset="89" sl="29" sc="9" el="29" ec="10" bec="0" bev="0" fileid="1" />
              </SequencePoints>
              <BranchPoints />
              <MethodPoint xsi:type="SequencePoint" vc="1" uspid="5" ordinal="0" offset="0" sl="23" sc="9" el="23" ec="10" bec="0" bev="0" fileid="1" />
            </Method>
            <Method visited="true" cyclomaticComplexity="1" nPathComplexity="0" sequenceCoverage="100" branchCoverage="100" crapScore="1" isConstructor="false" isStatic="false" isGetter="false" isSetter="false">
              <Summary numSequencePoints="5" visitedSequencePoints="5" numBranchPoints="1" visitedBranchPoints="1" sequenceCoverage="100" branchCoverage="100" maxCyclomaticComplexity="1" minCyclomaticComplexity="1" maxCrapScore="1" minCrapScore="1" visitedClasses="0" numClasses="0" visitedMethods="1" numMethods="1" />
              <MetadataToken>100663299</MetadataToken>
              <Name>System.Void ClassHierarchy.Tests.PartTimeStudentTests::PartTimeStudentTest2()</Name>
              <FileRef uid="1" />
              <SequencePoints>
                <SequencePoint vc="1" uspid="12" ordinal="0" offset="0" sl="33" sc="9" el="33" ec="10" bec="0" bev="0" fileid="1" />
                <SequencePoint vc="1" uspid="13" ordinal="1" offset="1" sl="34" sc="13" el="34" ec="61" bec="0" bev="0" fileid="1" />
                <SequencePoint vc="1" uspid="14" ordinal="2" offset="7" sl="35" sc="13" el="35" ec="69" bec="0" bev="0" fileid="1" />
                <SequencePoint vc="1" uspid="15" ordinal="3" offset="14" sl="36" sc="13" el="36" ec="40" bec="0" bev="0" fileid="1" />
                <SequencePoint vc="1" uspid="16" ordinal="4" offset="21" sl="37" sc="9" el="37" ec="10" bec="0" bev="0" fileid="1" />
              </SequencePoints>
              <BranchPoints />
              <MethodPoint xsi:type="SequencePoint" vc="1" uspid="12" ordinal="0" offset="0" sl="33" sc="9" el="33" ec="10" bec="0" bev="0" fileid="1" />
            </Method>
            <Method visited="true" cyclomaticComplexity="1" nPathComplexity="0" sequenceCoverage="100" branchCoverage="100" crapScore="1" isConstructor="false" isStatic="false" isGetter="false" isSetter="false">
              <Summary numSequencePoints="8" visitedSequencePoints="8" numBranchPoints="1" visitedBranchPoints="1" sequenceCoverage="100" branchCoverage="100" maxCyclomaticComplexity="1" minCyclomaticComplexity="1" maxCrapScore="1" minCrapScore="1" visitedClasses="0" numClasses="0" visitedMethods="1" numMethods="1" />
              <MetadataToken>100663300</MetadataToken>
              <Name>System.Void ClassHierarchy.Tests.PartTimeStudentTests::RandomInitTest()</Name>
              <FileRef uid="1" />
              <SequencePoints>
                <SequencePoint vc="1" uspid="17" ordinal="0" offset="0" sl="41" sc="9" el="41" ec="10" bec="0" bev="0" fileid="1" />
                <SequencePoint vc="1" uspid="18" ordinal="1" offset="1" sl="42" sc="13" el="42" ec="61" bec="0" bev="0" fileid="1" />
                <SequencePoint vc="1" uspid="19" ordinal="2" offset="7" sl="43" sc="13" el="43" ec="34" bec="0" bev="0" fileid="1" />
                <SequencePoint vc="1" uspid="20" ordinal="3" offset="14" sl="44" sc="13" el="44" ec="54" bec="0" bev="0" fileid="1" />
                <SequencePoint vc="1" uspid="21" ordinal="4" offset="31" sl="45" sc="13" el="45" ec="48" bec="0" bev="0" fileid="1" />
                <SequencePoint vc="1" uspid="22" ordinal="5" offset="44" sl="46" sc="13" el="46" ec="66" bec="0" bev="0" fileid="1" />
                <SequencePoint vc="1" uspid="23" ordinal="6" offset="61" sl="47" sc="13" el="47" ec="62" bec="0" bev="0" fileid="1" />
                <SequencePoint vc="1" uspid="24" ordinal="7" offset="78" sl="48" sc="9" el="48" ec="10" bec="0" bev="0" fileid="1" />
              </SequencePoints>
              <BranchPoints />
              <MethodPoint xsi:type="SequencePoint" vc="1" uspid="17" ordinal="0" offset="0" sl="41" sc="9" el="41" ec="10" bec="0" bev="0" fileid="1" />
            </Method>
            <Method visited="true" cyclomaticComplexity="1" nPathComplexity="0" sequenceCoverage="100" branchCoverage="100" crapScore="1" isConstructor="false" isStatic="false" isGetter="false" isSetter="false">
              <Summary numSequencePoints="6" visitedSequencePoints="6" numBranchPoints="1" visitedBranchPoints="1" sequenceCoverage="100" branchCoverage="100" maxCyclomaticComplexity="1" minCyclomaticComplexity="1" maxCrapScore="1" minCrapScore="1" visitedClasses="0" numClasses="0" visitedMethods="1" numMethods="1" />
              <MetadataToken>100663301</MetadataToken>
              <Name>System.Void ClassHierarchy.Tests.PartTimeStudentTests::EqualsTest()</Name>
              <FileRef uid="1" />
              <SequencePoints>
                <SequencePoint vc="1" uspid="25" ordinal="0" offset="0" sl="52" sc="9" el="52" ec="10" bec="0" bev="0" fileid="1" />
                <SequencePoint vc="1" uspid="26" ordinal="1" offset="1" sl="53" sc="13" el="53" ec="61" bec="0" bev="0" fileid="1" />
                <SequencePoint vc="1" uspid="27" ordinal="2" offset="7" sl="54" sc="13" el="54" ec="34" bec="0" bev="0" fileid="1" />
                <SequencePoint vc="1" uspid="28" ordinal="3" offset="14" sl="55" sc="13" el="55" ec="69" bec="0" bev="0" fileid="1" />
                <SequencePoint vc="1" uspid="29" ordinal="4" offset="21" sl="56" sc="13" el="56" ec="53" bec="0" bev="0" fileid="1" />
                <SequencePoint vc="1" uspid="30" ordinal="5" offset="34" sl="57" sc="9" el="57" ec="10" bec="0" bev="0" fileid="1" />
              </SequencePoints>
              <BranchPoints />
              <MethodPoint xsi:type="SequencePoint" vc="1" uspid="25" ordinal="0" offset="0" sl="52" sc="9" el="52" ec="10" bec="0" bev="0" fileid="1" />
            </Method>
            <Method visited="true" cyclomaticComplexity="1" nPathComplexity="0" sequenceCoverage="100" branchCoverage="100" crapScore="1" isConstructor="false" isStatic="false" isGetter="false" isSetter="false">
              <Summary numSequencePoints="5" visitedSequencePoints="5" numBranchPoints="1" visitedBranchPoints="1" sequenceCoverage="100" branchCoverage="100" maxCyclomaticComplexity="1" minCyclomaticComplexity="1" maxCrapScore="1" minCrapScore="1" visitedClasses="0" numClasses="0" visitedMethods="1" numMethods="1" />
              <MetadataToken>100663302</MetadataToken>
              <Name>System.Void ClassHierarchy.Tests.PartTimeStudentTests::GetHashCodeTest()</Name>
              <FileRef uid="1" />
              <SequencePoints>
                <SequencePoint vc="1" uspid="31" ordinal="0" offset="0" sl="61" sc="9" el="61" ec="10" bec="0" bev="0" fileid="1" />
                <SequencePoint vc="1" uspid="32" ordinal="1" offset="1" sl="62" sc="13" el="62" ec="61" bec="0" bev="0" fileid="1" />
                <SequencePoint vc="1" uspid="33" ordinal="2" offset="7" sl="63" sc="13" el="63" ec="34" bec="0" bev="0" fileid="1" />
                <SequencePoint vc="1" uspid="34" ordinal="3" offset="14" sl="64" sc="13" el="64" ec="53" bec="0" bev="0" fileid="1" />
                <SequencePoint vc="1" uspid="35" ordinal="4" offset="31" sl="65" sc="9" el="65" ec="10" bec="0" bev="0" fileid="1" />
              </SequencePoints>
              <BranchPoints />
              <MethodPoint xsi:type="SequencePoint" vc="1" uspid="31" ordinal="0" offset="0" sl="61" sc="9" el="61" ec="10" bec="0" bev="0" fileid="1" />
            </Method>
            <Method visited="false" cyclomaticComplexity="1" nPathComplexity="0" sequenceCoverage="0" branchCoverage="0" crapScore="2" isConstructor="true" isStatic="false" isGetter="false" isSetter="false">
              <Summary numSequencePoints="0" visitedSequencePoints="0" numBranchPoints="0" visitedBranchPoints="0" sequenceCoverage="0" branchCoverage="0" maxCyclomaticComplexity="1" minCyclomaticComplexity="1" maxCrapScore="2" minCrapScore="2" visitedClasses="0" numClasses="0" visitedMethods="0" numMethods="0" />
              <MetadataToken>100663303</MetadataToken>
              <Name>System.Void ClassHierarchy.Tests.PartTimeStudentTests::.ctor()</Name>
              <SequencePoints />
              <BranchPoints />
              <MethodPoint vc="0" uspid="36" ordinal="0" offset="0" />
            </Method>
          </Methods>
        </Class>
        <Class>
          <Summary numSequencePoints="7" visitedSequencePoints="7" numBranchPoints="1" visitedBranchPoints="1" sequenceCoverage="100" branchCoverage="100" maxCyclomaticComplexity="1" minCyclomaticComplexity="1" maxCrapScore="2" minCrapScore="1" visitedClasses="1" numClasses="1" visitedMethods="1" numMethods="1" />
          <FullName>ClassHierarchy.Tests.PersonAgeTests</FullName>
          <Methods>
            <Method visited="true" cyclomaticComplexity="1" nPathComplexity="0" sequenceCoverage="100" branchCoverage="100" crapScore="1" isConstructor="false" isStatic="false" isGetter="false" isSetter="false">
              <Summary numSequencePoints="7" visitedSequencePoints="7" numBranchPoints="1" visitedBranchPoints="1" sequenceCoverage="100" branchCoverage="100" maxCyclomaticComplexity="1" minCyclomaticComplexity="1" maxCrapScore="1" minCrapScore="1" visitedClasses="0" numClasses="0" visitedMethods="1" numMethods="1" />
              <MetadataToken>100663304</MetadataToken>
              <Name>System.Void ClassHierarchy.Tests.PersonAgeTests::CompareTest()</Name>
              <FileRef uid="2" />
              <SequencePoints>
                <SequencePoint vc="1" uspid="37" ordinal="0" offset="0" sl="16" sc="9" el="16" ec="10" bec="0" bev="0" fileid="2" />
                <SequencePoint vc="1" uspid="38" ordinal="1" offset="1" sl="17" sc="13" el="17" ec="42" bec="0" bev="0" fileid="2" />
                <SequencePoint vc="1" uspid="39" ordinal="2" offset="7" sl="18" sc="13" el="18" ec="33" bec="0" bev="0" fileid="2" />
                <SequencePoint vc="1" uspid="40" ordinal="3" offset="14" sl="19" sc="13" el="19" ec="49" bec="0" bev="0" fileid="2" />
                <SequencePoint vc="1" uspid="41" ordinal="4" offset="21" sl="20" sc="13" el="20" ec="51" bec="0" bev="0" fileid="2" />
                <SequencePoint vc="1" uspid="42" ordinal="5" offset="27" sl="21" sc="13" el="21" ec="68" bec="0" bev="0" fileid="2" />
                <SequencePoint vc="1" uspid="43" ordinal="6" offset="42" sl="22" sc="9" el="22" ec="10" bec="0" bev="0" fileid="2" />
              </SequencePoints>
              <BranchPoints />
              <MethodPoint xsi:type="SequencePoint" vc="1" uspid="37" ordinal="0" offset="0" sl="16" sc="9" el="16" ec="10" bec="0" bev="0" fileid="2" />
            </Method>
            <Method visited="false" cyclomaticComplexity="1" nPathComplexity="0" sequenceCoverage="0" branchCoverage="0" crapScore="2" isConstructor="true" isStatic="false" isGetter="false" isSetter="false">
              <Summary numSequencePoints="0" visitedSequencePoints="0" numBranchPoints="0" visitedBranchPoints="0" sequenceCoverage="0" branchCoverage="0" maxCyclomaticComplexity="1" minCyclomaticComplexity="1" maxCrapScore="2" minCrapScore="2" visitedClasses="0" numClasses="0" visitedMethods="0" numMethods="0" />
              <MetadataToken>100663305</MetadataToken>
              <Name>System.Void ClassHierarchy.Tests.PersonAgeTests::.ctor()</Name>
              <SequencePoints />
              <BranchPoints />
              <MethodPoint vc="0" uspid="44" ordinal="0" offset="0" />
            </Method>
          </Methods>
        </Class>
        <Class>
          <Summary numSequencePoints="46" visitedSequencePoints="45" numBranchPoints="9" visitedBranchPoints="9" sequenceCoverage="97.83" branchCoverage="100" maxCyclomaticComplexity="1" minCyclomaticComplexity="1" maxCrapScore="2" minCrapScore="1" visitedClasses="1" numClasses="1" visitedMethods="9" numMethods="9" />
          <FullName>ClassHierarchy.Tests.PersonTests</FullName>
          <Methods>
            <Method visited="true" cyclomaticComplexity="1" nPathComplexity="0" sequenceCoverage="100" branchCoverage="100" crapScore="1" isConstructor="false" isStatic="false" isGetter="false" isSetter="false">
              <Summary numSequencePoints="4" visitedSequencePoints="4" numBranchPoints="1" visitedBranchPoints="1" sequenceCoverage="100" branchCoverage="100" maxCyclomaticComplexity="1" minCyclomaticComplexity="1" maxCrapScore="1" minCrapScore="1" visitedClasses="0" numClasses="0" visitedMethods="1" numMethods="1" />
              <MetadataToken>100663306</MetadataToken>
              <Name>System.Void ClassHierarchy.Tests.PersonTests::PersonTest()</Name>
              <FileRef uid="3" />
              <SequencePoints>
                <SequencePoint vc="1" uspid="45" ordinal="0" offset="0" sl="16" sc="9" el="16" ec="10" bec="0" bev="0" fileid="3" />
                <SequencePoint vc="1" uspid="46" ordinal="1" offset="1" sl="17" sc="13" el="17" ec="42" bec="0" bev="0" fileid="3" />
                <SequencePoint vc="1" uspid="47" ordinal="2" offset="7" sl="18" sc="13" el="18" ec="38" bec="0" bev="0" fileid="3" />
                <SequencePoint vc="1" uspid="48" ordinal="3" offset="14" sl="19" sc="9" el="19" ec="10" bec="0" bev="0" fileid="3" />
              </SequencePoints>
              <BranchPoints />
              <MethodPoint xsi:type="SequencePoint" vc="1" uspid="45" ordinal="0" offset="0" sl="16" sc="9" el="16" ec="10" bec="0" bev="0" fileid="3" />
            </Method>
            <Method visited="true" cyclomaticComplexity="1" nPathComplexity="0" sequenceCoverage="100" branchCoverage="100" crapScore="1" isConstructor="false" isStatic="false" isGetter="false" isSetter="false">
              <Summary numSequencePoints="5" visitedSequencePoints="5" numBranchPoints="1" visitedBranchPoints="1" sequenceCoverage="100" branchCoverage="100" maxCyclomaticComplexity="1" minCyclomaticComplexity="1" maxCrapScore="1" minCrapScore="1" visitedClasses="0" numClasses="0" visitedMethods="1" numMethods="1" />
              <MetadataToken>100663307</MetadataToken>
              <Name>System.Void ClassHierarchy.Tests.PersonTests::PersonTest1()</Name>
              <FileRef uid="3" />
              <SequencePoints>
                <SequencePoint vc="1" uspid="49" ordinal="0" offset="0" sl="23" sc="9" el="23" ec="10" bec="0" bev="0" fileid="3" />
                <SequencePoint vc="1" uspid="50" ordinal="1" offset="1" sl="24" sc="13" el="24" ec="57" bec="0" bev="0" fileid="3" />
                <SequencePoint vc="1" uspid="51" ordinal="2" offset="14" sl="25" sc="13" el="25" ec="55" bec="0" bev="0" fileid="3" />
                <SequencePoint vc="1" uspid="52" ordinal="3" offset="31" sl="26" sc="13" el="26" ec="45" bec="0" bev="0" fileid="3" />
                <SequencePoint vc="1" uspid="53" ordinal="4" offset="45" sl="27" sc="9" el="27" ec="10" bec="0" bev="0" fileid="3" />
              </SequencePoints>
              <BranchPoints />
              <MethodPoint xsi:type="SequencePoint" vc="1" uspid="49" ordinal="0" offset="0" sl="23" sc="9" el="23" ec="10" bec="0" bev="0" fileid="3" />
            </Method>
            <Method visited="true" cyclomaticComplexity="1" nPathComplexity="0" sequenceCoverage="100" branchCoverage="100" crapScore="1" isConstructor="false" isStatic="false" isGetter="false" isSetter="false">
              <Summary numSequencePoints="5" visitedSequencePoints="5" numBranchPoints="1" visitedBranchPoints="1" sequenceCoverage="100" branchCoverage="100" maxCyclomaticComplexity="1" minCyclomaticComplexity="1" maxCrapScore="1" minCrapScore="1" visitedClasses="0" numClasses="0" visitedMethods="1" numMethods="1" />
              <MetadataToken>100663308</MetadataToken>
              <Name>System.Void ClassHierarchy.Tests.PersonTests::PersonTest2()</Name>
              <FileRef uid="3" />
              <SequencePoints>
                <SequencePoint vc="1" uspid="54" ordinal="0" offset="0" sl="31" sc="9" el="31" ec="10" bec="0" bev="0" fileid="3" />
                <SequencePoint vc="1" uspid="55" ordinal="1" offset="1" sl="32" sc="13" el="32" ec="42" bec="0" bev="0" fileid="3" />
                <SequencePoint vc="1" uspid="56" ordinal="2" offset="7" sl="33" sc="13" el="33" ec="49" bec="0" bev="0" fileid="3" />
                <SequencePoint vc="1" uspid="57" ordinal="3" offset="14" sl="34" sc="13" el="34" ec="39" bec="0" bev="0" fileid="3" />
                <SequencePoint vc="1" uspid="58" ordinal="4" offset="21" sl="35" sc="9" el="35" ec="10" bec="0" bev="0" fileid="3" />
              </SequencePoints>
              <BranchPoints />
              <MethodPoint xsi:type="SequencePoint" vc="1" uspid="54" ordinal="0" offset="0" sl="31" sc="9" el="31" ec="10" bec="0" bev="0" fileid="3" />
            </Method>
            <Method visited="true" cyclomaticComplexity="1" nPathComplexity="0" sequenceCoverage="66.67" branchCoverage="100" crapScore="1.04" isConstructor="false" isStatic="false" isGetter="false" isSetter="false">
              <Summary numSequencePoints="3" visitedSequencePoints="2" numBranchPoints="1" visitedBranchPoints="1" sequenceCoverage="66.67" branchCoverage="100" maxCyclomaticComplexity="1" minCyclomaticComplexity="1" maxCrapScore="1.04" minCrapScore="1.04" visitedClasses="0" numClasses="0" visitedMethods="1" numMethods="1" />
              <MetadataToken>100663309</MetadataToken>
              <Name>System.Void ClassHierarchy.Tests.PersonTests::PersonTest3()</Name>
              <FileRef uid="3" />
              <SequencePoints>
                <SequencePoint vc="1" uspid="59" ordinal="0" offset="0" sl="40" sc="9" el="40" ec="10" bec="0" bev="0" fileid="3" />
                <SequencePoint vc="1" uspid="60" ordinal="1" offset="1" sl="41" sc="13" el="41" ec="48" bec="0" bev="0" fileid="3" />
                <SequencePoint vc="0" uspid="61" ordinal="2" offset="14" sl="42" sc="9" el="42" ec="10" bec="0" bev="0" fileid="3" />
              </SequencePoints>
              <BranchPoints />
              <MethodPoint xsi:type="SequencePoint" vc="1" uspid="59" ordinal="0" offset="0" sl="40" sc="9" el="40" ec="10" bec="0" bev="0" fileid="3" />
            </Method>
            <Method visited="true" cyclomaticComplexity="1" nPathComplexity="0" sequenceCoverage="100" branchCoverage="100" crapScore="1" isConstructor="false" isStatic="false" isGetter="false" isSetter="false">
              <Summary numSequencePoints="6" visitedSequencePoints="6" numBranchPoints="1" visitedBranchPoints="1" sequenceCoverage="100" branchCoverage="100" maxCyclomaticComplexity="1" minCyclomaticComplexity="1" maxCrapScore="1" minCrapScore="1" visitedClasses="0" numClasses="0" visitedMethods="1" numMethods="1" />
              <MetadataToken>100663310</MetadataToken>
              <Name>System.Void ClassHierarchy.Tests.PersonTests::RandomInitTest()</Name>
              <FileRef uid="3" />
              <SequencePoints>
                <SequencePoint vc="1" uspid="62" ordinal="0" offset="0" sl="46" sc="9" el="46" ec="10" bec="0" bev="0" fileid="3" />
                <SequencePoint vc="1" uspid="63" ordinal="1" offset="1" sl="47" sc="13" el="47" ec="42" bec="0" bev="0" fileid="3" />
                <SequencePoint vc="1" uspid="64" ordinal="2" offset="7" sl="48" sc="13" el="48" ec="33" bec="0" bev="0" fileid="3" />
                <SequencePoint vc="1" uspid="65" ordinal="3" offset="14" sl="49" sc="13" el="49" ec="53" bec="0" bev="0" fileid="3" />
                <SequencePoint vc="1" uspid="66" ordinal="4" offset="31" sl="50" sc="13" el="50" ec="47" bec="0" bev="0" fileid="3" />
                <SequencePoint vc="1" uspid="67" ordinal="5" offset="44" sl="51" sc="9" el="51" ec="10" bec="0" bev="0" fileid="3" />
              </SequencePoints>
              <BranchPoints />
              <MethodPoint xsi:type="SequencePoint" vc="1" uspid="62" ordinal="0" offset="0" sl="46" sc="9" el="46" ec="10" bec="0" bev="0" fileid="3" />
            </Method>
            <Method visited="true" cyclomaticComplexity="1" nPathComplexity="0" sequenceCoverage="100" branchCoverage="100" crapScore="1" isConstructor="false" isStatic="false" isGetter="false" isSetter="false">
              <Summary numSequencePoints="6" visitedSequencePoints="6" numBranchPoints="1" visitedBranchPoints="1" sequenceCoverage="100" branchCoverage="100" maxCyclomaticComplexity="1" minCyclomaticComplexity="1" maxCrapScore="1" minCrapScore="1" visitedClasses="0" numClasses="0" visitedMethods="1" numMethods="1" />
              <MetadataToken>100663311</MetadataToken>
              <Name>System.Void ClassHierarchy.Tests.PersonTests::EqualsTest()</Name>
              <FileRef uid="3" />
              <SequencePoints>
                <SequencePoint vc="1" uspid="68" ordinal="0" offset="0" sl="55" sc="9" el="55" ec="10" bec="0" bev="0" fileid="3" />
                <SequencePoint vc="1" uspid="69" ordinal="1" offset="1" sl="56" sc="13" el="56" ec="42" bec="0" bev="0" fileid="3" />
                <SequencePoint vc="1" uspid="70" ordinal="2" offset="7" sl="57" sc="13" el="57" ec="33" bec="0" bev="0" fileid="3" />
                <SequencePoint vc="1" uspid="71" ordinal="3" offset="14" sl="58" sc="13" el="58" ec="49" bec="0" bev="0" fileid="3" />
                <SequencePoint vc="1" uspid="72" ordinal="4" offset="21" sl="59" sc="13" el="59" ec="51" bec="0" bev="0" fileid="3" />
                <SequencePoint vc="1" uspid="73" ordinal="5" offset="34" sl="60" sc="9" el="60" ec="10" bec="0" bev="0" fileid="3" />
              </SequencePoints>
              <BranchPoints />
              <MethodPoint xsi:type="SequencePoint" vc="1" uspid="68" ordinal="0" offset="0" sl="55" sc="9" el="55" ec="10" bec="0" bev="0" fileid="3" />
            </Method>
            <Method visited="true" cyclomaticComplexity="1" nPathComplexity="0" sequenceCoverage="100" branchCoverage="100" crapScore="1" isConstructor="false" isStatic="false" isGetter="false" isSetter="false">
              <Summary numSequencePoints="5" visitedSequencePoints="5" numBranchPoints="1" visitedBranchPoints="1" sequenceCoverage="100" branchCoverage="100" maxCyclomaticComplexity="1" minCyclomaticComplexity="1" maxCrapScore="1" minCrapScore="1" visitedClasses="0" numClasses="0" visitedMethods="1" numMethods="1" />
              <MetadataToken>100663312</MetadataToken>
              <Name>System.Void ClassHierarchy.Tests.PersonTests::GetHashCodeTest()</Name>
              <FileRef uid="3" />
              <SequencePoints>
                <SequencePoint vc="1" uspid="74" ordinal="0" offset="0" sl="64" sc="9" el="64" ec="10" bec="0" bev="0" fileid="3" />
                <SequencePoint vc="1" uspid="75" ordinal="1" offset="1" sl="65" sc="13" el="65" ec="42" bec="0" bev="0" fileid="3" />
                <SequencePoint vc="1" uspid="76" ordinal="2" offset="7" sl="66" sc="13" el="66" ec="33" bec="0" bev="0" fileid="3" />
                <SequencePoint vc="1" uspid="77" ordinal="3" offset="14" sl="67" sc="13" el="67" ec="52" bec="0" bev="0" fileid="3" />
                <SequencePoint vc="1" uspid="78" ordinal="4" offset="31" sl="68" sc="9" el="68" ec="10" bec="0" bev="0" fileid="3" />
              </SequencePoints>
              <BranchPoints />
              <MethodPoint xsi:type="SequencePoint" vc="1" uspid="74" ordinal="0" offset="0" sl="64" sc="9" el="64" ec="10" bec="0" bev="0" fileid="3" />
            </Method>
            <Method visited="true" cyclomaticComplexity="1" nPathComplexity="0" sequenceCoverage="100" branchCoverage="100" crapScore="1" isConstructor="false" isStatic="false" isGetter="false" isSetter="false">
              <Summary numSequencePoints="6" visitedSequencePoints="6" numBranchPoints="1" visitedBranchPoints="1" sequenceCoverage="100" branchCoverage="100" maxCyclomaticComplexity="1" minCyclomaticComplexity="1" maxCrapScore="1" minCrapScore="1" visitedClasses="0" numClasses="0" visitedMethods="1" numMethods="1" />
              <MetadataToken>100663313</MetadataToken>
              <Name>System.Void ClassHierarchy.Tests.PersonTests::CompareToTest()</Name>
              <FileRef uid="3" />
              <SequencePoints>
                <SequencePoint vc="1" uspid="79" ordinal="0" offset="0" sl="72" sc="9" el="72" ec="10" bec="0" bev="0" fileid="3" />
                <SequencePoint vc="1" uspid="80" ordinal="1" offset="1" sl="73" sc="13" el="73" ec="42" bec="0" bev="0" fileid="3" />
                <SequencePoint vc="1" uspid="81" ordinal="2" offset="7" sl="74" sc="13" el="74" ec="33" bec="0" bev="0" fileid="3" />
                <SequencePoint vc="1" uspid="82" ordinal="3" offset="14" sl="75" sc="13" el="75" ec="49" bec="0" bev="0" fileid="3" />
                <SequencePoint vc="1" uspid="83" ordinal="4" offset="21" sl="76" sc="13" el="76" ec="59" bec="0" bev="0" fileid="3" />
                <SequencePoint vc="1" uspid="84" ordinal="5" offset="35" sl="77" sc="9" el="77" ec="10" bec="0" bev="0" fileid="3" />
              </SequencePoints>
              <BranchPoints />
              <MethodPoint xsi:type="SequencePoint" vc="1" uspid="79" ordinal="0" offset="0" sl="72" sc="9" el="72" ec="10" bec="0" bev="0" fileid="3" />
            </Method>
            <Method visited="true" cyclomaticComplexity="1" nPathComplexity="0" sequenceCoverage="100" branchCoverage="100" crapScore="1" isConstructor="false" isStatic="false" isGetter="false" isSetter="false">
              <Summary numSequencePoints="6" visitedSequencePoints="6" numBranchPoints="1" visitedBranchPoints="1" sequenceCoverage="100" branchCoverage="100" maxCyclomaticComplexity="1" minCyclomaticComplexity="1" maxCrapScore="1" minCrapScore="1" visitedClasses="0" numClasses="0" visitedMethods="1" numMethods="1" />
              <MetadataToken>100663314</MetadataToken>
              <Name>System.Void ClassHierarchy.Tests.PersonTests::CloneTest()</Name>
              <FileRef uid="3" />
              <SequencePoints>
                <SequencePoint vc="1" uspid="85" ordinal="0" offset="0" sl="81" sc="9" el="81" ec="10" bec="0" bev="0" fileid="3" />
                <SequencePoint vc="1" uspid="86" ordinal="1" offset="1" sl="82" sc="13" el="82" ec="42" bec="0" bev="0" fileid="3" />
                <SequencePoint vc="1" uspid="87" ordinal="2" offset="7" sl="83" sc="13" el="83" ec="33" bec="0" bev="0" fileid="3" />
                <SequencePoint vc="1" uspid="88" ordinal="3" offset="14" sl="84" sc="13" el="84" ec="53" bec="0" bev="0" fileid="3" />
                <SequencePoint vc="1" uspid="89" ordinal="4" offset="26" sl="85" sc="13" el="85" ec="54" bec="0" bev="0" fileid="3" />
                <SequencePoint vc="1" uspid="90" ordinal="5" offset="34" sl="86" sc="9" el="86" ec="10" bec="0" bev="0" fileid="3" />
              </SequencePoints>
              <BranchPoints />
              <MethodPoint xsi:type="SequencePoint" vc="1" uspid="85" ordinal="0" offset="0" sl="81" sc="9" el="81" ec="10" bec="0" bev="0" fileid="3" />
            </Method>
            <Method visited="false" cyclomaticComplexity="1" nPathComplexity="0" sequenceCoverage="0" branchCoverage="0" crapScore="2" isConstructor="true" isStatic="false" isGetter="false" isSetter="false">
              <Summary numSequencePoints="0" visitedSequencePoints="0" numBranchPoints="0" visitedBranchPoints="0" sequenceCoverage="0" branchCoverage="0" maxCyclomaticComplexity="1" minCyclomaticComplexity="1" maxCrapScore="2" minCrapScore="2" visitedClasses="0" numClasses="0" visitedMethods="0" numMethods="0" />
              <MetadataToken>100663315</MetadataToken>
              <Name>System.Void ClassHierarchy.Tests.PersonTests::.ctor()</Name>
              <SequencePoints />
              <BranchPoints />
              <MethodPoint vc="0" uspid="91" ordinal="0" offset="0" />
            </Method>
          </Methods>
        </Class>
        <Class>
          <Summary numSequencePoints="43" visitedSequencePoints="43" numBranchPoints="8" visitedBranchPoints="8" sequenceCoverage="100" branchCoverage="100" maxCyclomaticComplexity="1" minCyclomaticComplexity="1" maxCrapScore="2" minCrapScore="1" visitedClasses="1" numClasses="1" visitedMethods="8" numMethods="8" />
          <FullName>ClassHierarchy.Tests.PlantTests</FullName>
          <Methods>
            <Method visited="true" cyclomaticComplexity="1" nPathComplexity="0" sequenceCoverage="100" branchCoverage="100" crapScore="1" isConstructor="false" isStatic="false" isGetter="false" isSetter="false">
              <Summary numSequencePoints="4" visitedSequencePoints="4" numBranchPoints="1" visitedBranchPoints="1" sequenceCoverage="100" branchCoverage="100" maxCyclomaticComplexity="1" minCyclomaticComplexity="1" maxCrapScore="1" minCrapScore="1" visitedClasses="0" numClasses="0" visitedMethods="1" numMethods="1" />
              <MetadataToken>100663316</MetadataToken>
              <Name>System.Void ClassHierarchy.Tests.PlantTests::PlantTest()</Name>
              <FileRef uid="4" />
              <SequencePoints>
                <SequencePoint vc="1" uspid="92" ordinal="0" offset="0" sl="16" sc="9" el="16" ec="10" bec="0" bev="0" fileid="4" />
                <SequencePoint vc="1" uspid="93" ordinal="1" offset="1" sl="17" sc="13" el="17" ec="39" bec="0" bev="0" fileid="4" />
                <SequencePoint vc="1" uspid="94" ordinal="2" offset="7" sl="18" sc="13" el="18" ec="37" bec="0" bev="0" fileid="4" />
                <SequencePoint vc="1" uspid="95" ordinal="3" offset="14" sl="19" sc="9" el="19" ec="10" bec="0" bev="0" fileid="4" />
              </SequencePoints>
              <BranchPoints />
              <MethodPoint xsi:type="SequencePoint" vc="1" uspid="92" ordinal="0" offset="0" sl="16" sc="9" el="16" ec="10" bec="0" bev="0" fileid="4" />
            </Method>
            <Method visited="true" cyclomaticComplexity="1" nPathComplexity="0" sequenceCoverage="100" branchCoverage="100" crapScore="1" isConstructor="false" isStatic="false" isGetter="false" isSetter="false">
              <Summary numSequencePoints="5" visitedSequencePoints="5" numBranchPoints="1" visitedBranchPoints="1" sequenceCoverage="100" branchCoverage="100" maxCyclomaticComplexity="1" minCyclomaticComplexity="1" maxCrapScore="1" minCrapScore="1" visitedClasses="0" numClasses="0" visitedMethods="1" numMethods="1" />
              <MetadataToken>100663317</MetadataToken>
              <Name>System.Void ClassHierarchy.Tests.PlantTests::PlantTest1()</Name>
              <FileRef uid="4" />
              <SequencePoints>
                <SequencePoint vc="1" uspid="96" ordinal="0" offset="0" sl="23" sc="9" el="23" ec="10" bec="0" bev="0" fileid="4" />
                <SequencePoint vc="1" uspid="97" ordinal="1" offset="1" sl="24" sc="13" el="24" ec="54" bec="0" bev="0" fileid="4" />
                <SequencePoint vc="1" uspid="98" ordinal="2" offset="17" sl="25" sc="13" el="25" ec="49" bec="0" bev="0" fileid="4" />
                <SequencePoint vc="1" uspid="99" ordinal="3" offset="34" sl="26" sc="13" el="26" ec="57" bec="0" bev="0" fileid="4" />
                <SequencePoint vc="1" uspid="100" ordinal="4" offset="51" sl="27" sc="9" el="27" ec="10" bec="0" bev="0" fileid="4" />
              </SequencePoints>
              <BranchPoints />
              <MethodPoint xsi:type="SequencePoint" vc="1" uspid="96" ordinal="0" offset="0" sl="23" sc="9" el="23" ec="10" bec="0" bev="0" fileid="4" />
            </Method>
            <Method visited="true" cyclomaticComplexity="1" nPathComplexity="0" sequenceCoverage="100" branchCoverage="100" crapScore="1" isConstructor="false" isStatic="false" isGetter="false" isSetter="false">
              <Summary numSequencePoints="5" visitedSequencePoints="5" numBranchPoints="1" visitedBranchPoints="1" sequenceCoverage="100" branchCoverage="100" maxCyclomaticComplexity="1" minCyclomaticComplexity="1" maxCrapScore="1" minCrapScore="1" visitedClasses="0" numClasses="0" visitedMethods="1" numMethods="1" />
              <MetadataToken>100663318</MetadataToken>
              <Name>System.Void ClassHierarchy.Tests.PlantTests::PlantTest2()</Name>
              <FileRef uid="4" />
              <SequencePoints>
                <SequencePoint vc="1" uspid="101" ordinal="0" offset="0" sl="31" sc="9" el="31" ec="10" bec="0" bev="0" fileid="4" />
                <SequencePoint vc="1" uspid="102" ordinal="1" offset="1" sl="32" sc="13" el="32" ec="39" bec="0" bev="0" fileid="4" />
                <SequencePoint vc="1" uspid="103" ordinal="2" offset="7" sl="33" sc="13" el="33" ec="45" bec="0" bev="0" fileid="4" />
                <SequencePoint vc="1" uspid="104" ordinal="3" offset="14" sl="34" sc="13" el="34" ec="38" bec="0" bev="0" fileid="4" />
                <SequencePoint vc="1" uspid="105" ordinal="4" offset="21" sl="35" sc="9" el="35" ec="10" bec="0" bev="0" fileid="4" />
              </SequencePoints>
              <BranchPoints />
              <MethodPoint xsi:type="SequencePoint" vc="1" uspid="101" ordinal="0" offset="0" sl="31" sc="9" el="31" ec="10" bec="0" bev="0" fileid="4" />
            </Method>
            <Method visited="true" cyclomaticComplexity="1" nPathComplexity="0" sequenceCoverage="100" branchCoverage="100" crapScore="1" isConstructor="false" isStatic="false" isGetter="false" isSetter="false">
              <Summary numSequencePoints="6" visitedSequencePoints="6" numBranchPoints="1" visitedBranchPoints="1" sequenceCoverage="100" branchCoverage="100" maxCyclomaticComplexity="1" minCyclomaticComplexity="1" maxCrapScore="1" minCrapScore="1" visitedClasses="0" numClasses="0" visitedMethods="1" numMethods="1" />
              <MetadataToken>100663319</MetadataToken>
              <Name>System.Void ClassHierarchy.Tests.PlantTests::CloneTest()</Name>
              <FileRef uid="4" />
              <SequencePoints>
                <SequencePoint vc="1" uspid="106" ordinal="0" offset="0" sl="39" sc="9" el="39" ec="10" bec="0" bev="0" fileid="4" />
                <SequencePoint vc="1" uspid="107" ordinal="1" offset="1" sl="40" sc="13" el="40" ec="39" bec="0" bev="0" fileid="4" />
                <SequencePoint vc="1" uspid="108" ordinal="2" offset="7" sl="41" sc="13" el="41" ec="32" bec="0" bev="0" fileid="4" />
                <SequencePoint vc="1" uspid="109" ordinal="3" offset="14" sl="42" sc="13" el="42" ec="49" bec="0" bev="0" fileid="4" />
                <SequencePoint vc="1" uspid="110" ordinal="4" offset="26" sl="43" sc="13" el="43" ec="51" bec="0" bev="0" fileid="4" />
                <SequencePoint vc="1" uspid="111" ordinal="5" offset="34" sl="44" sc="9" el="44" ec="10" bec="0" bev="0" fileid="4" />
              </SequencePoints>
              <BranchPoints />
              <MethodPoint xsi:type="SequencePoint" vc="1" uspid="106" ordinal="0" offset="0" sl="39" sc="9" el="39" ec="10" bec="0" bev="0" fileid="4" />
            </Method>
            <Method visited="true" cyclomaticComplexity="1" nPathComplexity="0" sequenceCoverage="100" branchCoverage="100" crapScore="1" isConstructor="false" isStatic="false" isGetter="false" isSetter="false">
              <Summary numSequencePoints="6" visitedSequencePoints="6" numBranchPoints="1" visitedBranchPoints="1" sequenceCoverage="100" branchCoverage="100" maxCyclomaticComplexity="1" minCyclomaticComplexity="1" maxCrapScore="1" minCrapScore="1" visitedClasses="0" numClasses="0" visitedMethods="1" numMethods="1" />
              <MetadataToken>100663320</MetadataToken>
              <Name>System.Void ClassHierarchy.Tests.PlantTests::RandomInitTest()</Name>
              <FileRef uid="4" />
              <SequencePoints>
                <SequencePoint vc="1" uspid="112" ordinal="0" offset="0" sl="48" sc="9" el="48" ec="10" bec="0" bev="0" fileid="4" />
                <SequencePoint vc="1" uspid="113" ordinal="1" offset="1" sl="49" sc="13" el="49" ec="39" bec="0" bev="0" fileid="4" />
                <SequencePoint vc="1" uspid="114" ordinal="2" offset="7" sl="50" sc="13" el="50" ec="32" bec="0" bev="0" fileid="4" />
                <SequencePoint vc="1" uspid="115" ordinal="3" offset="14" sl="51" sc="13" el="51" ec="52" bec="0" bev="0" fileid="4" />
                <SequencePoint vc="1" uspid="116" ordinal="4" offset="31" sl="52" sc="13" el="52" ec="66" bec="0" bev="0" fileid="4" />
                <SequencePoint vc="1" uspid="117" ordinal="5" offset="48" sl="53" sc="9" el="53" ec="10" bec="0" bev="0" fileid="4" />
              </SequencePoints>
              <BranchPoints />
              <MethodPoint xsi:type="SequencePoint" vc="1" uspid="112" ordinal="0" offset="0" sl="48" sc="9" el="48" ec="10" bec="0" bev="0" fileid="4" />
            </Method>
            <Method visited="true" cyclomaticComplexity="1" nPathComplexity="0" sequenceCoverage="100" branchCoverage="100" crapScore="1" isConstructor="false" isStatic="false" isGetter="false" isSetter="false">
              <Summary numSequencePoints="6" visitedSequencePoints="6" numBranchPoints="1" visitedBranchPoints="1" sequenceCoverage="100" branchCoverage="100" maxCyclomaticComplexity="1" minCyclomaticComplexity="1" maxCrapScore="1" minCrapScore="1" visitedClasses="0" numClasses="0" visitedMethods="1" numMethods="1" />
              <MetadataToken>100663321</MetadataToken>
              <Name>System.Void ClassHierarchy.Tests.PlantTests::ShallowCopyTest()</Name>
              <FileRef uid="4" />
              <SequencePoints>
                <SequencePoint vc="1" uspid="118" ordinal="0" offset="0" sl="57" sc="9" el="57" ec="10" bec="0" bev="0" fileid="4" />
                <SequencePoint vc="1" uspid="119" ordinal="1" offset="1" sl="58" sc="13" el="58" ec="39" bec="0" bev="0" fileid="4" />
                <SequencePoint vc="1" uspid="120" ordinal="2" offset="7" sl="59" sc="13" el="59" ec="32" bec="0" bev="0" fileid="4" />
                <SequencePoint vc="1" uspid="121" ordinal="3" offset="14" sl="60" sc="13" el="60" ec="55" bec="0" bev="0" fileid="4" />
                <SequencePoint vc="1" uspid="122" ordinal="4" offset="26" sl="61" sc="13" el="61" ec="51" bec="0" bev="0" fileid="4" />
                <SequencePoint vc="1" uspid="123" ordinal="5" offset="34" sl="62" sc="9" el="62" ec="10" bec="0" bev="0" fileid="4" />
              </SequencePoints>
              <BranchPoints />
              <MethodPoint xsi:type="SequencePoint" vc="1" uspid="118" ordinal="0" offset="0" sl="57" sc="9" el="57" ec="10" bec="0" bev="0" fileid="4" />
            </Method>
            <Method visited="true" cyclomaticComplexity="1" nPathComplexity="0" sequenceCoverage="100" branchCoverage="100" crapScore="1" isConstructor="false" isStatic="false" isGetter="false" isSetter="false">
              <Summary numSequencePoints="6" visitedSequencePoints="6" numBranchPoints="1" visitedBranchPoints="1" sequenceCoverage="100" branchCoverage="100" maxCyclomaticComplexity="1" minCyclomaticComplexity="1" maxCrapScore="1" minCrapScore="1" visitedClasses="0" numClasses="0" visitedMethods="1" numMethods="1" />
              <MetadataToken>100663322</MetadataToken>
              <Name>System.Void ClassHierarchy.Tests.PlantTests::EqualsTest()</Name>
              <FileRef uid="4" />
              <SequencePoints>
                <SequencePoint vc="1" uspid="124" ordinal="0" offset="0" sl="66" sc="9" el="66" ec="10" bec="0" bev="0" fileid="4" />
                <SequencePoint vc="1" uspid="125" ordinal="1" offset="1" sl="67" sc="13" el="67" ec="39" bec="0" bev="0" fileid="4" />
                <SequencePoint vc="1" uspid="126" ordinal="2" offset="7" sl="68" sc="13" el="68" ec="32" bec="0" bev="0" fileid="4" />
                <SequencePoint vc="1" uspid="127" ordinal="3" offset="14" sl="69" sc="13" el="69" ec="45" bec="0" bev="0" fileid="4" />
                <SequencePoint vc="1" uspid="128" ordinal="4" offset="21" sl="70" sc="13" el="70" ec="49" bec="0" bev="0" fileid="4" />
                <SequencePoint vc="1" uspid="129" ordinal="5" offset="34" sl="71" sc="9" el="71" ec="10" bec="0" bev="0" fileid="4" />
              </SequencePoints>
              <BranchPoints />
              <MethodPoint xsi:type="SequencePoint" vc="1" uspid="124" ordinal="0" offset="0" sl="66" sc="9" el="66" ec="10" bec="0" bev="0" fileid="4" />
            </Method>
            <Method visited="true" cyclomaticComplexity="1" nPathComplexity="0" sequenceCoverage="100" branchCoverage="100" crapScore="1" isConstructor="false" isStatic="false" isGetter="false" isSetter="false">
              <Summary numSequencePoints="5" visitedSequencePoints="5" numBranchPoints="1" visitedBranchPoints="1" sequenceCoverage="100" branchCoverage="100" maxCyclomaticComplexity="1" minCyclomaticComplexity="1" maxCrapScore="1" minCrapScore="1" visitedClasses="0" numClasses="0" visitedMethods="1" numMethods="1" />
              <MetadataToken>100663323</MetadataToken>
              <Name>System.Void ClassHierarchy.Tests.PlantTests::GetHashCodeTest()</Name>
              <FileRef uid="4" />
              <SequencePoints>
                <SequencePoint vc="1" uspid="130" ordinal="0" offset="0" sl="75" sc="9" el="75" ec="10" bec="0" bev="0" fileid="4" />
                <SequencePoint vc="1" uspid="131" ordinal="1" offset="1" sl="76" sc="13" el="76" ec="39" bec="0" bev="0" fileid="4" />
                <SequencePoint vc="1" uspid="132" ordinal="2" offset="7" sl="77" sc="13" el="77" ec="32" bec="0" bev="0" fileid="4" />
                <SequencePoint vc="1" uspid="133" ordinal="3" offset="14" sl="78" sc="13" el="78" ec="51" bec="0" bev="0" fileid="4" />
                <SequencePoint vc="1" uspid="134" ordinal="4" offset="31" sl="79" sc="9" el="79" ec="10" bec="0" bev="0" fileid="4" />
              </SequencePoints>
              <BranchPoints />
              <MethodPoint xsi:type="SequencePoint" vc="1" uspid="130" ordinal="0" offset="0" sl="75" sc="9" el="75" ec="10" bec="0" bev="0" fileid="4" />
            </Method>
            <Method visited="false" cyclomaticComplexity="1" nPathComplexity="0" sequenceCoverage="0" branchCoverage="0" crapScore="2" isConstructor="true" isStatic="false" isGetter="false" isSetter="false">
              <Summary numSequencePoints="0" visitedSequencePoints="0" numBranchPoints="0" visitedBranchPoints="0" sequenceCoverage="0" branchCoverage="0" maxCyclomaticComplexity="1" minCyclomaticComplexity="1" maxCrapScore="2" minCrapScore="2" visitedClasses="0" numClasses="0" visitedMethods="0" numMethods="0" />
              <MetadataToken>100663324</MetadataToken>
              <Name>System.Void ClassHierarchy.Tests.PlantTests::.ctor()</Name>
              <SequencePoints />
              <BranchPoints />
              <MethodPoint vc="0" uspid="135" ordinal="0" offset="0" />
            </Method>
          </Methods>
        </Class>
        <Class>
          <Summary numSequencePoints="33" visitedSequencePoints="33" numBranchPoints="6" visitedBranchPoints="6" sequenceCoverage="100" branchCoverage="100" maxCyclomaticComplexity="1" minCyclomaticComplexity="1" maxCrapScore="2" minCrapScore="1" visitedClasses="1" numClasses="1" visitedMethods="6" numMethods="6" />
          <FullName>ClassHierarchy.Tests.SchoolStudentTests</FullName>
          <Methods>
            <Method visited="true" cyclomaticComplexity="1" nPathComplexity="0" sequenceCoverage="100" branchCoverage="100" crapScore="1" isConstructor="false" isStatic="false" isGetter="false" isSetter="false">
              <Summary numSequencePoints="4" visitedSequencePoints="4" numBranchPoints="1" visitedBranchPoints="1" sequenceCoverage="100" branchCoverage="100" maxCyclomaticComplexity="1" minCyclomaticComplexity="1" maxCrapScore="1" minCrapScore="1" visitedClasses="0" numClasses="0" visitedMethods="1" numMethods="1" />
              <MetadataToken>100663325</MetadataToken>
              <Name>System.Void ClassHierarchy.Tests.SchoolStudentTests::SchoolStudentTest()</Name>
              <FileRef uid="5" />
              <SequencePoints>
                <SequencePoint vc="1" uspid="136" ordinal="0" offset="0" sl="16" sc="9" el="16" ec="10" bec="0" bev="0" fileid="5" />
                <SequencePoint vc="1" uspid="137" ordinal="1" offset="1" sl="17" sc="13" el="17" ec="57" bec="0" bev="0" fileid="5" />
                <SequencePoint vc="1" uspid="138" ordinal="2" offset="7" sl="18" sc="13" el="18" ec="39" bec="0" bev="0" fileid="5" />
                <SequencePoint vc="1" uspid="139" ordinal="3" offset="14" sl="19" sc="9" el="19" ec="10" bec="0" bev="0" fileid="5" />
              </SequencePoints>
              <BranchPoints />
              <MethodPoint xsi:type="SequencePoint" vc="1" uspid="136" ordinal="0" offset="0" sl="16" sc="9" el="16" ec="10" bec="0" bev="0" fileid="5" />
            </Method>
            <Method visited="true" cyclomaticComplexity="1" nPathComplexity="0" sequenceCoverage="100" branchCoverage="100" crapScore="1" isConstructor="false" isStatic="false" isGetter="false" isSetter="false">
              <Summary numSequencePoints="6" visitedSequencePoints="6" numBranchPoints="1" visitedBranchPoints="1" sequenceCoverage="100" branchCoverage="100" maxCyclomaticComplexity="1" minCyclomaticComplexity="1" maxCrapScore="1" minCrapScore="1" visitedClasses="0" numClasses="0" visitedMethods="1" numMethods="1" />
              <MetadataToken>100663326</MetadataToken>
              <Name>System.Void ClassHierarchy.Tests.SchoolStudentTests::SchoolStudentTest1()</Name>
              <FileRef uid="5" />
              <SequencePoints>
                <SequencePoint vc="1" uspid="140" ordinal="0" offset="0" sl="23" sc="9" el="23" ec="10" bec="0" bev="0" fileid="5" />
                <SequencePoint vc="1" uspid="141" ordinal="1" offset="1" sl="24" sc="13" el="24" ec="84" bec="0" bev="0" fileid="5" />
                <SequencePoint vc="1" uspid="142" ordinal="2" offset="19" sl="25" sc="13" el="25" ec="56" bec="0" bev="0" fileid="5" />
                <SequencePoint vc="1" uspid="143" ordinal="3" offset="36" sl="26" sc="13" el="26" ec="46" bec="0" bev="0" fileid="5" />
                <SequencePoint vc="1" uspid="144" ordinal="4" offset="50" sl="27" sc="13" el="27" ec="57" bec="0" bev="0" fileid="5" />
                <SequencePoint vc="1" uspid="145" ordinal="5" offset="67" sl="28" sc="9" el="28" ec="10" bec="0" bev="0" fileid="5" />
              </SequencePoints>
              <BranchPoints />
              <MethodPoint xsi:type="SequencePoint" vc="1" uspid="140" ordinal="0" offset="0" sl="23" sc="9" el="23" ec="10" bec="0" bev="0" fileid="5" />
            </Method>
            <Method visited="true" cyclomaticComplexity="1" nPathComplexity="0" sequenceCoverage="100" branchCoverage="100" crapScore="1" isConstructor="false" isStatic="false" isGetter="false" isSetter="false">
              <Summary numSequencePoints="5" visitedSequencePoints="5" numBranchPoints="1" visitedBranchPoints="1" sequenceCoverage="100" branchCoverage="100" maxCyclomaticComplexity="1" minCyclomaticComplexity="1" maxCrapScore="1" minCrapScore="1" visitedClasses="0" numClasses="0" visitedMethods="1" numMethods="1" />
              <MetadataToken>100663327</MetadataToken>
              <Name>System.Void ClassHierarchy.Tests.SchoolStudentTests::SchoolStudentTest2()</Name>
              <FileRef uid="5" />
              <SequencePoints>
                <SequencePoint vc="1" uspid="146" ordinal="0" offset="0" sl="32" sc="9" el="32" ec="10" bec="0" bev="0" fileid="5" />
                <SequencePoint vc="1" uspid="147" ordinal="1" offset="1" sl="33" sc="13" el="33" ec="57" bec="0" bev="0" fileid="5" />
                <SequencePoint vc="1" uspid="148" ordinal="2" offset="7" sl="34" sc="13" el="34" ec="65" bec="0" bev="0" fileid="5" />
                <SequencePoint vc="1" uspid="149" ordinal="3" offset="14" sl="35" sc="13" el="35" ec="40" bec="0" bev="0" fileid="5" />
                <SequencePoint vc="1" uspid="150" ordinal="4" offset="21" sl="36" sc="9" el="36" ec="10" bec="0" bev="0" fileid="5" />
              </SequencePoints>
              <BranchPoints />
              <MethodPoint xsi:type="SequencePoint" vc="1" uspid="146" ordinal="0" offset="0" sl="32" sc="9" el="32" ec="10" bec="0" bev="0" fileid="5" />
            </Method>
            <Method visited="true" cyclomaticComplexity="1" nPathComplexity="0" sequenceCoverage="100" branchCoverage="100" crapScore="1" isConstructor="false" isStatic="false" isGetter="false" isSetter="false">
              <Summary numSequencePoints="7" visitedSequencePoints="7" numBranchPoints="1" visitedBranchPoints="1" sequenceCoverage="100" branchCoverage="100" maxCyclomaticComplexity="1" minCyclomaticComplexity="1" maxCrapScore="1" minCrapScore="1" visitedClasses="0" numClasses="0" visitedMethods="1" numMethods="1" />
              <MetadataToken>100663328</MetadataToken>
              <Name>System.Void ClassHierarchy.Tests.SchoolStudentTests::RandomInitTest()</Name>
              <FileRef uid="5" />
              <SequencePoints>
                <SequencePoint vc="1" uspid="151" ordinal="0" offset="0" sl="40" sc="9" el="40" ec="10" bec="0" bev="0" fileid="5" />
                <SequencePoint vc="1" uspid="152" ordinal="1" offset="1" sl="41" sc="13" el="41" ec="57" bec="0" bev="0" fileid="5" />
                <SequencePoint vc="1" uspid="153" ordinal="2" offset="7" sl="42" sc="13" el="42" ec="34" bec="0" bev="0" fileid="5" />
                <SequencePoint vc="1" uspid="154" ordinal="3" offset="14" sl="43" sc="13" el="43" ec="54" bec="0" bev="0" fileid="5" />
                <SequencePoint vc="1" uspid="155" ordinal="4" offset="31" sl="44" sc="13" el="44" ec="48" bec="0" bev="0" fileid="5" />
                <SequencePoint vc="1" uspid="156" ordinal="5" offset="44" sl="45" sc="13" el="45" ec="58" bec="0" bev="0" fileid="5" />
                <SequencePoint vc="1" uspid="157" ordinal="6" offset="61" sl="46" sc="9" el="46" ec="10" bec="0" bev="0" fileid="5" />
              </SequencePoints>
              <BranchPoints />
              <MethodPoint xsi:type="SequencePoint" vc="1" uspid="151" ordinal="0" offset="0" sl="40" sc="9" el="40" ec="10" bec="0" bev="0" fileid="5" />
            </Method>
            <Method visited="true" cyclomaticComplexity="1" nPathComplexity="0" sequenceCoverage="100" branchCoverage="100" crapScore="1" isConstructor="false" isStatic="false" isGetter="false" isSetter="false">
              <Summary numSequencePoints="6" visitedSequencePoints="6" numBranchPoints="1" visitedBranchPoints="1" sequenceCoverage="100" branchCoverage="100" maxCyclomaticComplexity="1" minCyclomaticComplexity="1" maxCrapScore="1" minCrapScore="1" visitedClasses="0" numClasses="0" visitedMethods="1" numMethods="1" />
              <MetadataToken>100663329</MetadataToken>
              <Name>System.Void ClassHierarchy.Tests.SchoolStudentTests::EqualsTest()</Name>
              <FileRef uid="5" />
              <SequencePoints>
                <SequencePoint vc="1" uspid="158" ordinal="0" offset="0" sl="50" sc="9" el="50" ec="10" bec="0" bev="0" fileid="5" />
                <SequencePoint vc="1" uspid="159" ordinal="1" offset="1" sl="51" sc="13" el="51" ec="57" bec="0" bev="0" fileid="5" />
                <SequencePoint vc="1" uspid="160" ordinal="2" offset="7" sl="52" sc="13" el="52" ec="34" bec="0" bev="0" fileid="5" />
                <SequencePoint vc="1" uspid="161" ordinal="3" offset="14" sl="53" sc="13" el="53" ec="65" bec="0" bev="0" fileid="5" />
                <SequencePoint vc="1" uspid="162" ordinal="4" offset="21" sl="54" sc="13" el="54" ec="53" bec="0" bev="0" fileid="5" />
                <SequencePoint vc="1" uspid="163" ordinal="5" offset="34" sl="55" sc="9" el="55" ec="10" bec="0" bev="0" fileid="5" />
              </SequencePoints>
              <BranchPoints />
              <MethodPoint xsi:type="SequencePoint" vc="1" uspid="158" ordinal="0" offset="0" sl="50" sc="9" el="50" ec="10" bec="0" bev="0" fileid="5" />
            </Method>
            <Method visited="true" cyclomaticComplexity="1" nPathComplexity="0" sequenceCoverage="100" branchCoverage="100" crapScore="1" isConstructor="false" isStatic="false" isGetter="false" isSetter="false">
              <Summary numSequencePoints="5" visitedSequencePoints="5" numBranchPoints="1" visitedBranchPoints="1" sequenceCoverage="100" branchCoverage="100" maxCyclomaticComplexity="1" minCyclomaticComplexity="1" maxCrapScore="1" minCrapScore="1" visitedClasses="0" numClasses="0" visitedMethods="1" numMethods="1" />
              <MetadataToken>100663330</MetadataToken>
              <Name>System.Void ClassHierarchy.Tests.SchoolStudentTests::GetHashCodeTest()</Name>
              <FileRef uid="5" />
              <SequencePoints>
                <SequencePoint vc="1" uspid="164" ordinal="0" offset="0" sl="59" sc="9" el="59" ec="10" bec="0" bev="0" fileid="5" />
                <SequencePoint vc="1" uspid="165" ordinal="1" offset="1" sl="60" sc="13" el="60" ec="57" bec="0" bev="0" fileid="5" />
                <SequencePoint vc="1" uspid="166" ordinal="2" offset="7" sl="61" sc="13" el="61" ec="34" bec="0" bev="0" fileid="5" />
                <SequencePoint vc="1" uspid="167" ordinal="3" offset="14" sl="62" sc="13" el="62" ec="53" bec="0" bev="0" fileid="5" />
                <SequencePoint vc="1" uspid="168" ordinal="4" offset="31" sl="63" sc="9" el="63" ec="10" bec="0" bev="0" fileid="5" />
              </SequencePoints>
              <BranchPoints />
              <MethodPoint xsi:type="SequencePoint" vc="1" uspid="164" ordinal="0" offset="0" sl="59" sc="9" el="59" ec="10" bec="0" bev="0" fileid="5" />
            </Method>
            <Method visited="false" cyclomaticComplexity="1" nPathComplexity="0" sequenceCoverage="0" branchCoverage="0" crapScore="2" isConstructor="true" isStatic="false" isGetter="false" isSetter="false">
              <Summary numSequencePoints="0" visitedSequencePoints="0" numBranchPoints="0" visitedBranchPoints="0" sequenceCoverage="0" branchCoverage="0" maxCyclomaticComplexity="1" minCyclomaticComplexity="1" maxCrapScore="2" minCrapScore="2" visitedClasses="0" numClasses="0" visitedMethods="0" numMethods="0" />
              <MetadataToken>100663331</MetadataToken>
              <Name>System.Void ClassHierarchy.Tests.SchoolStudentTests::.ctor()</Name>
              <SequencePoints />
              <BranchPoints />
              <MethodPoint vc="0" uspid="169" ordinal="0" offset="0" />
            </Method>
          </Methods>
        </Class>
        <Class>
          <Summary numSequencePoints="33" visitedSequencePoints="33" numBranchPoints="6" visitedBranchPoints="6" sequenceCoverage="100" branchCoverage="100" maxCyclomaticComplexity="1" minCyclomaticComplexity="1" maxCrapScore="2" minCrapScore="1" visitedClasses="1" numClasses="1" visitedMethods="6" numMethods="6" />
          <FullName>ClassHierarchy.Tests.StudentTests</FullName>
          <Methods>
            <Method visited="true" cyclomaticComplexity="1" nPathComplexity="0" sequenceCoverage="100" branchCoverage="100" crapScore="1" isConstructor="false" isStatic="false" isGetter="false" isSetter="false">
              <Summary numSequencePoints="4" visitedSequencePoints="4" numBranchPoints="1" visitedBranchPoints="1" sequenceCoverage="100" branchCoverage="100" maxCyclomaticComplexity="1" minCyclomaticComplexity="1" maxCrapScore="1" minCrapScore="1" visitedClasses="0" numClasses="0" visitedMethods="1" numMethods="1" />
              <MetadataToken>100663332</MetadataToken>
              <Name>System.Void ClassHierarchy.Tests.StudentTests::StudentTest()</Name>
              <FileRef uid="6" />
              <SequencePoints>
                <SequencePoint vc="1" uspid="170" ordinal="0" offset="0" sl="16" sc="9" el="16" ec="10" bec="0" bev="0" fileid="6" />
                <SequencePoint vc="1" uspid="171" ordinal="1" offset="1" sl="17" sc="13" el="17" ec="45" bec="0" bev="0" fileid="6" />
                <SequencePoint vc="1" uspid="172" ordinal="2" offset="7" sl="18" sc="13" el="18" ec="39" bec="0" bev="0" fileid="6" />
                <SequencePoint vc="1" uspid="173" ordinal="3" offset="14" sl="19" sc="9" el="19" ec="10" bec="0" bev="0" fileid="6" />
              </SequencePoints>
              <BranchPoints />
              <MethodPoint xsi:type="SequencePoint" vc="1" uspid="170" ordinal="0" offset="0" sl="16" sc="9" el="16" ec="10" bec="0" bev="0" fileid="6" />
            </Method>
            <Method visited="true" cyclomaticComplexity="1" nPathComplexity="0" sequenceCoverage="100" branchCoverage="100" crapScore="1" isConstructor="false" isStatic="false" isGetter="false" isSetter="false">
              <Summary numSequencePoints="6" visitedSequencePoints="6" numBranchPoints="1" visitedBranchPoints="1" sequenceCoverage="100" branchCoverage="100" maxCyclomaticComplexity="1" minCyclomaticComplexity="1" maxCrapScore="1" minCrapScore="1" visitedClasses="0" numClasses="0" visitedMethods="1" numMethods="1" />
              <MetadataToken>100663333</MetadataToken>
              <Name>System.Void ClassHierarchy.Tests.StudentTests::StudentTest1()</Name>
              <FileRef uid="6" />
              <SequencePoints>
                <SequencePoint vc="1" uspid="174" ordinal="0" offset="0" sl="23" sc="9" el="23" ec="10" bec="0" bev="0" fileid="6" />
                <SequencePoint vc="1" uspid="175" ordinal="1" offset="1" sl="24" sc="13" el="24" ec="69" bec="0" bev="0" fileid="6" />
                <SequencePoint vc="1" uspid="176" ordinal="2" offset="19" sl="25" sc="13" el="25" ec="56" bec="0" bev="0" fileid="6" />
                <SequencePoint vc="1" uspid="177" ordinal="3" offset="36" sl="26" sc="13" el="26" ec="46" bec="0" bev="0" fileid="6" />
                <SequencePoint vc="1" uspid="178" ordinal="4" offset="50" sl="27" sc="13" el="27" ec="58" bec="0" bev="0" fileid="6" />
                <SequencePoint vc="1" uspid="179" ordinal="5" offset="67" sl="28" sc="9" el="28" ec="10" bec="0" bev="0" fileid="6" />
              </SequencePoints>
              <BranchPoints />
              <MethodPoint xsi:type="SequencePoint" vc="1" uspid="174" ordinal="0" offset="0" sl="23" sc="9" el="23" ec="10" bec="0" bev="0" fileid="6" />
            </Method>
            <Method visited="true" cyclomaticComplexity="1" nPathComplexity="0" sequenceCoverage="100" branchCoverage="100" crapScore="1" isConstructor="false" isStatic="false" isGetter="false" isSetter="false">
              <Summary numSequencePoints="5" visitedSequencePoints="5" numBranchPoints="1" visitedBranchPoints="1" sequenceCoverage="100" branchCoverage="100" maxCyclomaticComplexity="1" minCyclomaticComplexity="1" maxCrapScore="1" minCrapScore="1" visitedClasses="0" numClasses="0" visitedMethods="1" numMethods="1" />
              <MetadataToken>100663334</MetadataToken>
              <Name>System.Void ClassHierarchy.Tests.StudentTests::StudentTest2()</Name>
              <FileRef uid="6" />
              <SequencePoints>
                <SequencePoint vc="1" uspid="180" ordinal="0" offset="0" sl="32" sc="9" el="32" ec="10" bec="0" bev="0" fileid="6" />
                <SequencePoint vc="1" uspid="181" ordinal="1" offset="1" sl="33" sc="13" el="33" ec="45" bec="0" bev="0" fileid="6" />
                <SequencePoint vc="1" uspid="182" ordinal="2" offset="7" sl="34" sc="13" el="34" ec="53" bec="0" bev="0" fileid="6" />
                <SequencePoint vc="1" uspid="183" ordinal="3" offset="14" sl="35" sc="13" el="35" ec="40" bec="0" bev="0" fileid="6" />
                <SequencePoint vc="1" uspid="184" ordinal="4" offset="21" sl="36" sc="9" el="36" ec="10" bec="0" bev="0" fileid="6" />
              </SequencePoints>
              <BranchPoints />
              <MethodPoint xsi:type="SequencePoint" vc="1" uspid="180" ordinal="0" offset="0" sl="32" sc="9" el="32" ec="10" bec="0" bev="0" fileid="6" />
            </Method>
            <Method visited="true" cyclomaticComplexity="1" nPathComplexity="0" sequenceCoverage="100" branchCoverage="100" crapScore="1" isConstructor="false" isStatic="false" isGetter="false" isSetter="false">
              <Summary numSequencePoints="7" visitedSequencePoints="7" numBranchPoints="1" visitedBranchPoints="1" sequenceCoverage="100" branchCoverage="100" maxCyclomaticComplexity="1" minCyclomaticComplexity="1" maxCrapScore="1" minCrapScore="1" visitedClasses="0" numClasses="0" visitedMethods="1" numMethods="1" />
              <MetadataToken>100663335</MetadataToken>
              <Name>System.Void ClassHierarchy.Tests.StudentTests::RandomInitTest()</Name>
              <FileRef uid="6" />
              <SequencePoints>
                <SequencePoint vc="1" uspid="185" ordinal="0" offset="0" sl="40" sc="9" el="40" ec="10" bec="0" bev="0" fileid="6" />
                <SequencePoint vc="1" uspid="186" ordinal="1" offset="1" sl="41" sc="13" el="41" ec="45" bec="0" bev="0" fileid="6" />
                <SequencePoint vc="1" uspid="187" ordinal="2" offset="7" sl="42" sc="13" el="42" ec="34" bec="0" bev="0" fileid="6" />
                <SequencePoint vc="1" uspid="188" ordinal="3" offset="14" sl="43" sc="13" el="43" ec="54" bec="0" bev="0" fileid="6" />
                <SequencePoint vc="1" uspid="189" ordinal="4" offset="31" sl="44" sc="13" el="44" ec="48" bec="0" bev="0" fileid="6" />
                <SequencePoint vc="1" uspid="190" ordinal="5" offset="44" sl="45" sc="13" el="45" ec="66" bec="0" bev="0" fileid="6" />
                <SequencePoint vc="1" uspid="191" ordinal="6" offset="61" sl="46" sc="9" el="46" ec="10" bec="0" bev="0" fileid="6" />
              </SequencePoints>
              <BranchPoints />
              <MethodPoint xsi:type="SequencePoint" vc="1" uspid="185" ordinal="0" offset="0" sl="40" sc="9" el="40" ec="10" bec="0" bev="0" fileid="6" />
            </Method>
            <Method visited="true" cyclomaticComplexity="1" nPathComplexity="0" sequenceCoverage="100" branchCoverage="100" crapScore="1" isConstructor="false" isStatic="false" isGetter="false" isSetter="false">
              <Summary numSequencePoints="6" visitedSequencePoints="6" numBranchPoints="1" visitedBranchPoints="1" sequenceCoverage="100" branchCoverage="100" maxCyclomaticComplexity="1" minCyclomaticComplexity="1" maxCrapScore="1" minCrapScore="1" visitedClasses="0" numClasses="0" visitedMethods="1" numMethods="1" />
              <MetadataToken>100663336</MetadataToken>
              <Name>System.Void ClassHierarchy.Tests.StudentTests::EqualsTest()</Name>
              <FileRef uid="6" />
              <SequencePoints>
                <SequencePoint vc="1" uspid="192" ordinal="0" offset="0" sl="50" sc="9" el="50" ec="10" bec="0" bev="0" fileid="6" />
                <SequencePoint vc="1" uspid="193" ordinal="1" offset="1" sl="51" sc="13" el="51" ec="45" bec="0" bev="0" fileid="6" />
                <SequencePoint vc="1" uspid="194" ordinal="2" offset="7" sl="52" sc="13" el="52" ec="34" bec="0" bev="0" fileid="6" />
                <SequencePoint vc="1" uspid="195" ordinal="3" offset="14" sl="53" sc="13" el="53" ec="53" bec="0" bev="0" fileid="6" />
                <SequencePoint vc="1" uspid="196" ordinal="4" offset="21" sl="54" sc="13" el="54" ec="53" bec="0" bev="0" fileid="6" />
                <SequencePoint vc="1" uspid="197" ordinal="5" offset="34" sl="55" sc="9" el="55" ec="10" bec="0" bev="0" fileid="6" />
              </SequencePoints>
              <BranchPoints />
              <MethodPoint xsi:type="SequencePoint" vc="1" uspid="192" ordinal="0" offset="0" sl="50" sc="9" el="50" ec="10" bec="0" bev="0" fileid="6" />
            </Method>
            <Method visited="true" cyclomaticComplexity="1" nPathComplexity="0" sequenceCoverage="100" branchCoverage="100" crapScore="1" isConstructor="false" isStatic="false" isGetter="false" isSetter="false">
              <Summary numSequencePoints="5" visitedSequencePoints="5" numBranchPoints="1" visitedBranchPoints="1" sequenceCoverage="100" branchCoverage="100" maxCyclomaticComplexity="1" minCyclomaticComplexity="1" maxCrapScore="1" minCrapScore="1" visitedClasses="0" numClasses="0" visitedMethods="1" numMethods="1" />
              <MetadataToken>100663337</MetadataToken>
              <Name>System.Void ClassHierarchy.Tests.StudentTests::GetHashCodeTest()</Name>
              <FileRef uid="6" />
              <SequencePoints>
                <SequencePoint vc="1" uspid="198" ordinal="0" offset="0" sl="59" sc="9" el="59" ec="10" bec="0" bev="0" fileid="6" />
                <SequencePoint vc="1" uspid="199" ordinal="1" offset="1" sl="60" sc="13" el="60" ec="45" bec="0" bev="0" fileid="6" />
                <SequencePoint vc="1" uspid="200" ordinal="2" offset="7" sl="61" sc="13" el="61" ec="34" bec="0" bev="0" fileid="6" />
                <SequencePoint vc="1" uspid="201" ordinal="3" offset="14" sl="62" sc="13" el="62" ec="53" bec="0" bev="0" fileid="6" />
                <SequencePoint vc="1" uspid="202" ordinal="4" offset="31" sl="63" sc="9" el="63" ec="10" bec="0" bev="0" fileid="6" />
              </SequencePoints>
              <BranchPoints />
              <MethodPoint xsi:type="SequencePoint" vc="1" uspid="198" ordinal="0" offset="0" sl="59" sc="9" el="59" ec="10" bec="0" bev="0" fileid="6" />
            </Method>
            <Method visited="false" cyclomaticComplexity="1" nPathComplexity="0" sequenceCoverage="0" branchCoverage="0" crapScore="2" isConstructor="true" isStatic="false" isGetter="false" isSetter="false">
              <Summary numSequencePoints="0" visitedSequencePoints="0" numBranchPoints="0" visitedBranchPoints="0" sequenceCoverage="0" branchCoverage="0" maxCyclomaticComplexity="1" minCyclomaticComplexity="1" maxCrapScore="2" minCrapScore="2" visitedClasses="0" numClasses="0" visitedMethods="0" numMethods="0" />
              <MetadataToken>100663338</MetadataToken>
              <Name>System.Void ClassHierarchy.Tests.StudentTests::.ctor()</Name>
              <SequencePoints />
              <BranchPoints />
              <MethodPoint vc="0" uspid="203" ordinal="0" offset="0" />
            </Method>
          </Methods>
        </Class>
      </Classes>
    </Module>
    <Module hash="02-E8-14-2A-0B-C9-EB-B3-C0-5C-C5-42-25-89-BE-0D-B2-92-16-BF">
      <Summary numSequencePoints="307" visitedSequencePoints="211" numBranchPoints="149" visitedBranchPoints="83" sequenceCoverage="68.73" branchCoverage="55.70" maxCyclomaticComplexity="6" minCyclomaticComplexity="1" maxCrapScore="30" minCrapScore="1" visitedClasses="6" numClasses="6" visitedMethods="51" numMethods="67" />
      <ModulePath>C:\Рабочий стол\Учёба\2_kurs\oop\ClassHierarchyTests\bin\Debug\fine-code-coverage\build-output\ClassHierarchy.dll</ModulePath>
      <ModuleTime>2024-01-11T17:02:38.7346038Z</ModuleTime>
      <ModuleName>ClassHierarchy</ModuleName>
      <Files>
        <File uid="13" fullPath="C:\Рабочий стол\Учёба\2_kurs\oop\ClassHierarchy\PartTimeStudent.cs" />
        <File uid="14" fullPath="C:\Рабочий стол\Учёба\2_kurs\oop\ClassHierarchy\PersonAge.cs" />
        <File uid="15" fullPath="C:\Рабочий стол\Учёба\2_kurs\oop\ClassHierarchy\SchoolStudent.cs" />
        <File uid="16" fullPath="C:\Рабочий стол\Учёба\2_kurs\oop\ClassHierarchy\Plant.cs" />
        <File uid="17" fullPath="C:\Рабочий стол\Учёба\2_kurs\oop\ClassHierarchy\Student.cs" />
        <File uid="18" fullPath="C:\Рабочий стол\Учёба\2_kurs\oop\ClassHierarchy\Person.cs" />
      </Files>
      <Classes>
        <Class>
          <Summary numSequencePoints="50" visitedSequencePoints="36" numBranchPoints="25" visitedBranchPoints="15" sequenceCoverage="72" branchCoverage="60" maxCyclomaticComplexity="6" minCyclomaticComplexity="1" maxCrapScore="6" minCrapScore="1" visitedClasses="1" numClasses="1" visitedMethods="8" numMethods="11" />
          <FullName>ClassHierarchy.PartTimeStudent</FullName>
          <Methods>
            <Method visited="true" cyclomaticComplexity="1" nPathComplexity="0" sequenceCoverage="100" branchCoverage="100" crapScore="1" isConstructor="false" isStatic="false" isGetter="true" isSetter="false">
              <Summary numSequencePoints="3" visitedSequencePoints="3" numBranchPoints="1" visitedBranchPoints="1" sequenceCoverage="100" branchCoverage="100" maxCyclomaticComplexity="1" minCyclomaticComplexity="1" maxCrapScore="1" minCrapScore="1" visitedClasses="0" numClasses="0" visitedMethods="1" numMethods="1" />
              <MetadataToken>100663300</MetadataToken>
              <Name>System.String ClassHierarchy.PartTimeStudent::get_Employer()</Name>
              <FileRef uid="13" />
              <SequencePoints>
                <SequencePoint vc="7" uspid="204" ordinal="0" offset="0" sl="12" sc="17" el="12" ec="18" bec="0" bev="0" fileid="13" />
                <SequencePoint vc="7" uspid="205" ordinal="1" offset="1" sl="12" sc="19" el="12" ec="35" bec="0" bev="0" fileid="13" />
                <SequencePoint vc="7" uspid="206" ordinal="2" offset="10" sl="12" sc="36" el="12" ec="37" bec="0" bev="0" fileid="13" />
              </SequencePoints>
              <BranchPoints />
              <MethodPoint xsi:type="SequencePoint" vc="7" uspid="204" ordinal="0" offset="0" sl="12" sc="17" el="12" ec="18" bec="0" bev="0" fileid="13" />
            </Method>
            <Method visited="true" cyclomaticComplexity="3" nPathComplexity="4" sequenceCoverage="66.67" branchCoverage="60" crapScore="3.33" isConstructor="false" isStatic="false" isGetter="false" isSetter="true">
              <Summary numSequencePoints="6" visitedSequencePoints="4" numBranchPoints="5" visitedBranchPoints="3" sequenceCoverage="66.67" branchCoverage="60" maxCyclomaticComplexity="3" minCyclomaticComplexity="3" maxCrapScore="3.33" minCrapScore="3.33" visitedClasses="0" numClasses="0" visitedMethods="1" numMethods="1" />
              <MetadataToken>100663301</MetadataToken>
              <Name>System.Void ClassHierarchy.PartTimeStudent::set_Employer(System.String)</Name>
              <FileRef uid="13" />
              <SequencePoints>
                <SequencePoint vc="3" uspid="207" ordinal="0" offset="0" sl="14" sc="13" el="14" ec="14" bec="0" bev="0" fileid="13" />
                <SequencePoint vc="3" uspid="208" ordinal="1" offset="1" sl="15" sc="17" el="15" ec="50" bec="4" bev="2" fileid="13" />
                <SequencePoint vc="0" uspid="209" ordinal="2" offset="22" sl="16" sc="17" el="16" ec="18" bec="0" bev="0" fileid="13" />
                <SequencePoint vc="0" uspid="210" ordinal="3" offset="23" sl="17" sc="21" el="17" ec="121" bec="0" bev="0" fileid="13" />
                <SequencePoint vc="3" uspid="211" ordinal="4" offset="34" sl="19" sc="17" el="19" ec="34" bec="0" bev="0" fileid="13" />
                <SequencePoint vc="3" uspid="212" ordinal="5" offset="41" sl="20" sc="13" el="20" ec="14" bec="0" bev="0" fileid="13" />
              </SequencePoints>
              <BranchPoints>
                <BranchPoint vc="3" uspid="213" ordinal="0" offset="2" sl="15" path="0" offsetend="4" fileid="13" />
                <BranchPoint vc="0" uspid="214" ordinal="1" offset="2" sl="15" path="1" offsetend="17" fileid="13" />
                <BranchPoint vc="0" uspid="215" ordinal="2" offset="20" sl="15" path="0" offsetend="22" fileid="13" />
                <BranchPoint vc="3" uspid="216" ordinal="3" offset="20" sl="15" path="1" offsetend="34" fileid="13" />
              </BranchPoints>
              <MethodPoint xsi:type="SequencePoint" vc="3" uspid="207" ordinal="0" offset="0" sl="14" sc="13" el="14" ec="14" bec="0" bev="0" fileid="13" />
            </Method>
            <Method visited="false" cyclomaticComplexity="1" nPathComplexity="0" sequenceCoverage="0" branchCoverage="0" crapScore="2" isConstructor="false" isStatic="false" isGetter="true" isSetter="false">
              <Summary numSequencePoints="3" visitedSequencePoints="0" numBranchPoints="1" visitedBranchPoints="0" sequenceCoverage="0" branchCoverage="0" maxCyclomaticComplexity="1" minCyclomaticComplexity="1" maxCrapScore="2" minCrapScore="2" visitedClasses="0" numClasses="0" visitedMethods="0" numMethods="1" />
              <MetadataToken>100663302</MetadataToken>
              <Name>ClassHierarchy.Person ClassHierarchy.PartTimeStudent::get_BasePerson()</Name>
              <FileRef uid="13" />
              <SequencePoints>
                <SequencePoint vc="0" uspid="217" ordinal="0" offset="0" sl="26" sc="13" el="26" ec="14" bec="0" bev="0" fileid="13" />
                <SequencePoint vc="0" uspid="218" ordinal="1" offset="1" sl="27" sc="17" el="27" ec="46" bec="0" bev="0" fileid="13" />
                <SequencePoint vc="0" uspid="219" ordinal="2" offset="21" sl="28" sc="13" el="28" ec="14" bec="0" bev="0" fileid="13" />
              </SequencePoints>
              <BranchPoints />
              <MethodPoint xsi:type="SequencePoint" vc="0" uspid="217" ordinal="0" offset="0" sl="26" sc="13" el="26" ec="14" bec="0" bev="0" fileid="13" />
            </Method>
            <Method visited="true" cyclomaticComplexity="1" nPathComplexity="0" sequenceCoverage="100" branchCoverage="100" crapScore="1" isConstructor="true" isStatic="false" isGetter="false" isSetter="false">
              <Summary numSequencePoints="4" visitedSequencePoints="4" numBranchPoints="1" visitedBranchPoints="1" sequenceCoverage="100" branchCoverage="100" maxCyclomaticComplexity="1" minCyclomaticComplexity="1" maxCrapScore="1" minCrapScore="1" visitedClasses="0" numClasses="0" visitedMethods="1" numMethods="1" />
              <MetadataToken>100663303</MetadataToken>
              <Name>System.Void ClassHierarchy.PartTimeStudent::.ctor()</Name>
              <FileRef uid="13" />
              <SequencePoints>
                <SequencePoint vc="5" uspid="220" ordinal="0" offset="0" sl="8" sc="9" el="8" ec="48" bec="0" bev="0" fileid="13" />
[...]
              <Summary numSequencePoints="3" visitedSequencePoints="3" numBranchPoints="1" visitedBranchPoints="1" sequenceCoverage="100" branchCoverage="100" maxCyclomaticComplexity="1" minCyclomaticComplexity="1" maxCrapScore="1" minCrapScore="1" visitedClasses="0" numClasses="0" visitedMethods="1" numMethods="1" />
              <MetadataToken>100663357</MetadataToken>
              <Name>System.Void ClassHierarchy.Person::.ctor(ClassHierarchy.Person)</Name>
              <FileRef uid="18" />
              <SequencePoints>
                <SequencePoint vc="5" uspid="525" ordinal="0" offset="0" sl="46" sc="39" el="46" ec="66" bec="0" bev="0" fileid="18" />
                <SequencePoint vc="5" uspid="526" ordinal="1" offset="19" sl="46" sc="67" el="46" ec="68" bec="0" bev="0" fileid="18" />
                <SequencePoint vc="5" uspid="527" ordinal="2" offset="20" sl="46" sc="69" el="46" ec="70" bec="0" bev="0" fileid="18" />
              </SequencePoints>
              <BranchPoints />
              <MethodPoint xsi:type="SequencePoint" vc="5" uspid="525" ordinal="0" offset="0" sl="46" sc="39" el="46" ec="66" bec="0" bev="0" fileid="18" />
            </Method>
            <Method visited="false" cyclomaticComplexity="1" nPathComplexity="0" sequenceCoverage="0" branchCoverage="0" crapScore="2" isConstructor="false" isStatic="false" isGetter="false" isSetter="false">
              <Summary numSequencePoints="4" visitedSequencePoints="0" numBranchPoints="1" visitedBranchPoints="0" sequenceCoverage="0" branchCoverage="0" maxCyclomaticComplexity="1" minCyclomaticComplexity="1" maxCrapScore="2" minCrapScore="2" visitedClasses="0" numClasses="0" visitedMethods="0" numMethods="1" />
              <MetadataToken>100663358</MetadataToken>
              <Name>System.Void ClassHierarchy.Person::Show()</Name>
              <FileRef uid="18" />
              <SequencePoints>
                <SequencePoint vc="0" uspid="528" ordinal="0" offset="0" sl="49" sc="9" el="49" ec="10" bec="0" bev="0" fileid="18" />
                <SequencePoint vc="0" uspid="529" ordinal="1" offset="1" sl="50" sc="13" el="50" ec="47" bec="0" bev="0" fileid="18" />
                <SequencePoint vc="0" uspid="530" ordinal="2" offset="23" sl="51" sc="13" el="51" ec="50" bec="0" bev="0" fileid="18" />
                <SequencePoint vc="0" uspid="531" ordinal="3" offset="50" sl="52" sc="9" el="52" ec="10" bec="0" bev="0" fileid="18" />
              </SequencePoints>
              <BranchPoints />
              <MethodPoint xsi:type="SequencePoint" vc="0" uspid="528" ordinal="0" offset="0" sl="49" sc="9" el="49" ec="10" bec="0" bev="0" fileid="18" />
            </Method>
            <Method visited="false" cyclomaticComplexity="1" nPathComplexity="0" sequenceCoverage="0" branchCoverage="0" crapScore="2" isConstructor="false" isStatic="false" isGetter="false" isSetter="false">
              <Summary numSequencePoints="6" visitedSequencePoints="0" numBranchPoints="1" visitedBranchPoints="0" sequenceCoverage="0" branchCoverage="0" maxCyclomaticComplexity="1" minCyclomaticComplexity="1" maxCrapScore="2" minCrapScore="2" visitedClasses="0" numClasses="0" visitedMethods="0" numMethods="1" />
              <MetadataToken>100663359</MetadataToken>
              <Name>System.Void ClassHierarchy.Person::Init()</Name>
              <FileRef uid="18" />
              <SequencePoints>
                <SequencePoint vc="0" uspid="532" ordinal="0" offset="0" sl="55" sc="9" el="55" ec="10" bec="0" bev="0" fileid="18" />
                <SequencePoint vc="0" uspid="533" ordinal="1" offset="1" sl="56" sc="13" el="56" ec="44" bec="0" bev="0" fileid="18" />
                <SequencePoint vc="0" uspid="534" ordinal="2" offset="12" sl="57" sc="13" el="57" ec="32" bec="0" bev="0" fileid="18" />
                <SequencePoint vc="0" uspid="535" ordinal="3" offset="25" sl="58" sc="13" el="58" ec="48" bec="0" bev="0" fileid="18" />
                <SequencePoint vc="0" uspid="536" ordinal="4" offset="36" sl="59" sc="13" el="59" ec="28" bec="0" bev="0" fileid="18" />
                <SequencePoint vc="0" uspid="537" ordinal="5" offset="49" sl="60" sc="9" el="60" ec="10" bec="0" bev="0" fileid="18" />
              </SequencePoints>
              <BranchPoints />
              <MethodPoint xsi:type="SequencePoint" vc="0" uspid="532" ordinal="0" offset="0" sl="55" sc="9" el="55" ec="10" bec="0" bev="0" fileid="18" />
            </Method>
            <Method visited="true" cyclomaticComplexity="1" nPathComplexity="0" sequenceCoverage="100" branchCoverage="100" crapScore="1" isConstructor="false" isStatic="false" isGetter="false" isSetter="false">
              <Summary numSequencePoints="5" visitedSequencePoints="5" numBranchPoints="1" visitedBranchPoints="1" sequenceCoverage="100" branchCoverage="100" maxCyclomaticComplexity="1" minCyclomaticComplexity="1" maxCrapScore="1" minCrapScore="1" visitedClasses="0" numClasses="0" visitedMethods="1" numMethods="1" />
              <MetadataToken>100663360</MetadataToken>
              <Name>System.Void ClassHierarchy.Person::RandomInit()</Name>
              <FileRef uid="18" />
              <SequencePoints>
                <SequencePoint vc="15" uspid="538" ordinal="0" offset="0" sl="63" sc="9" el="63" ec="10" bec="0" bev="0" fileid="18" />
                <SequencePoint vc="15" uspid="539" ordinal="1" offset="1" sl="64" sc="13" el="64" ec="116" bec="0" bev="0" fileid="18" />
                <SequencePoint vc="15" uspid="540" ordinal="2" offset="72" sl="65" sc="13" el="65" ec="50" bec="0" bev="0" fileid="18" />
                <SequencePoint vc="15" uspid="541" ordinal="3" offset="94" sl="66" sc="13" el="66" ec="35" bec="0" bev="0" fileid="18" />
                <SequencePoint vc="15" uspid="542" ordinal="4" offset="114" sl="67" sc="9" el="67" ec="10" bec="0" bev="0" fileid="18" />
              </SequencePoints>
              <BranchPoints />
              <MethodPoint xsi:type="SequencePoint" vc="15" uspid="538" ordinal="0" offset="0" sl="63" sc="9" el="63" ec="10" bec="0" bev="0" fileid="18" />
            </Method>
            <Method visited="false" cyclomaticComplexity="3" nPathComplexity="4" sequenceCoverage="0" branchCoverage="0" crapScore="12" isConstructor="false" isStatic="false" isGetter="false" isSetter="false">
              <Summary numSequencePoints="10" visitedSequencePoints="0" numBranchPoints="5" visitedBranchPoints="0" sequenceCoverage="0" branchCoverage="0" maxCyclomaticComplexity="3" minCyclomaticComplexity="3" maxCrapScore="12" minCrapScore="12" visitedClasses="0" numClasses="0" visitedMethods="0" numMethods="1" />
              <MetadataToken>100663361</MetadataToken>
              <Name>System.Int32 ClassHierarchy.Person::GetInt()</Name>
              <FileRef uid="18" />
              <SequencePoints>
                <SequencePoint vc="0" uspid="543" ordinal="0" offset="0" sl="70" sc="9" el="70" ec="10" bec="0" bev="0" fileid="18" />
                <SequencePoint vc="0" uspid="544" ordinal="1" offset="1" sl="75" sc="13" el="75" ec="14" bec="0" bev="0" fileid="18" />
                <SequencePoint vc="0" uspid="545" ordinal="2" offset="2" sl="76" sc="17" el="76" ec="42" bec="0" bev="0" fileid="18" />
                <SequencePoint vc="0" uspid="546" ordinal="3" offset="8" sl="77" sc="17" el="77" ec="52" bec="0" bev="0" fileid="18" />
                <SequencePoint vc="0" uspid="547" ordinal="4" offset="17" sl="78" sc="17" el="78" ec="30" bec="2" bev="0" fileid="18" />
                <SequencePoint vc="0" uspid="548" ordinal="5" offset="25" sl="79" sc="21" el="79" ec="67" bec="0" bev="0" fileid="18" />
                <SequencePoint vc="0" uspid="549" ordinal="6" offset="36" sl="80" sc="13" el="80" ec="14" bec="0" bev="0" fileid="18" />
                <SequencePoint vc="0" uspid="550" ordinal="7" offset="37" sl="81" sc="13" el="81" ec="30" bec="2" bev="0" fileid="18" />
                <SequencePoint vc="0" uspid="551" ordinal="8" offset="47" sl="82" sc="13" el="82" ec="22" bec="0" bev="0" fileid="18" />
                <SequencePoint vc="0" uspid="552" ordinal="9" offset="52" sl="83" sc="9" el="83" ec="10" bec="0" bev="0" fileid="18" />
              </SequencePoints>
              <BranchPoints>
                <BranchPoint vc="0" uspid="553" ordinal="0" offset="23" sl="78" path="0" offsetend="25" fileid="18" />
                <BranchPoint vc="0" uspid="554" ordinal="1" offset="23" sl="78" path="1" offsetend="36" fileid="18" />
                <BranchPoint vc="0" uspid="555" ordinal="2" offset="45" sl="81" path="0" offsetend="47" fileid="18" />
                <BranchPoint vc="0" uspid="556" ordinal="3" offset="45" sl="81" path="1" offsetend="1" fileid="18" />
              </BranchPoints>
              <MethodPoint xsi:type="SequencePoint" vc="0" uspid="543" ordinal="0" offset="0" sl="70" sc="9" el="70" ec="10" bec="0" bev="0" fileid="18" />
            </Method>
            <Method visited="false" cyclomaticComplexity="5" nPathComplexity="16" sequenceCoverage="0" branchCoverage="0" crapScore="30" isConstructor="false" isStatic="false" isGetter="false" isSetter="false">
              <Summary numSequencePoints="9" visitedSequencePoints="0" numBranchPoints="9" visitedBranchPoints="0" sequenceCoverage="0" branchCoverage="0" maxCyclomaticComplexity="5" minCyclomaticComplexity="5" maxCrapScore="30" minCrapScore="30" visitedClasses="0" numClasses="0" visitedMethods="0" numMethods="1" />
              <MetadataToken>100663362</MetadataToken>
              <Name>System.String ClassHierarchy.Person::GetString()</Name>
              <FileRef uid="18" />
              <SequencePoints>
                <SequencePoint vc="0" uspid="557" ordinal="0" offset="0" sl="86" sc="9" el="86" ec="10" bec="0" bev="0" fileid="18" />
                <SequencePoint vc="0" uspid="558" ordinal="1" offset="1" sl="89" sc="13" el="89" ec="14" bec="0" bev="0" fileid="18" />
                <SequencePoint vc="0" uspid="559" ordinal="2" offset="2" sl="90" sc="17" el="90" ec="40" bec="0" bev="0" fileid="18" />
                <SequencePoint vc="0" uspid="560" ordinal="3" offset="8" sl="91" sc="17" el="91" ec="42" bec="4" bev="0" fileid="18" />
                <SequencePoint vc="0" uspid="561" ordinal="4" offset="29" sl="92" sc="21" el="92" ec="84" bec="0" bev="0" fileid="18" />
                <SequencePoint vc="0" uspid="562" ordinal="5" offset="40" sl="93" sc="13" el="93" ec="14" bec="0" bev="0" fileid="18" />
                <SequencePoint vc="0" uspid="563" ordinal="6" offset="41" sl="94" sc="13" el="94" ec="42" bec="4" bev="0" fileid="18" />
                <SequencePoint vc="0" uspid="564" ordinal="7" offset="62" sl="95" sc="13" el="95" ec="22" bec="0" bev="0" fileid="18" />
                <SequencePoint vc="0" uspid="565" ordinal="8" offset="66" sl="96" sc="9" el="96" ec="10" bec="0" bev="0" fileid="18" />
              </SequencePoints>
              <BranchPoints>
                <BranchPoint vc="0" uspid="566" ordinal="0" offset="9" sl="91" path="0" offsetend="11" fileid="18" />
                <BranchPoint vc="0" uspid="567" ordinal="1" offset="9" sl="91" path="1" offsetend="24" fileid="18" />
                <BranchPoint vc="0" uspid="568" ordinal="2" offset="27" sl="91" path="0" offsetend="29" fileid="18" />
                <BranchPoint vc="0" uspid="569" ordinal="3" offset="27" sl="91" path="1" offsetend="40" fileid="18" />
                <BranchPoint vc="0" uspid="570" ordinal="4" offset="42" sl="94" path="0" offsetend="44" fileid="18" />
                <BranchPoint vc="0" uspid="571" ordinal="5" offset="42" sl="94" path="1" offsetend="57" fileid="18" />
                <BranchPoint vc="0" uspid="572" ordinal="6" offset="60" sl="94" path="0" offsetend="62" fileid="18" />
                <BranchPoint vc="0" uspid="573" ordinal="7" offset="60" sl="94" path="1" offsetend="1" fileid="18" />
              </BranchPoints>
              <MethodPoint xsi:type="SequencePoint" vc="0" uspid="557" ordinal="0" offset="0" sl="86" sc="9" el="86" ec="10" bec="0" bev="0" fileid="18" />
            </Method>
            <Method visited="true" cyclomaticComplexity="3" nPathComplexity="4" sequenceCoverage="100" branchCoverage="60" crapScore="3" isConstructor="false" isStatic="false" isGetter="false" isSetter="false">
              <Summary numSequencePoints="3" visitedSequencePoints="3" numBranchPoints="5" visitedBranchPoints="3" sequenceCoverage="100" branchCoverage="60" maxCyclomaticComplexity="3" minCyclomaticComplexity="3" maxCrapScore="3" minCrapScore="3" visitedClasses="0" numClasses="0" visitedMethods="1" numMethods="1" />
              <MetadataToken>100663363</MetadataToken>
              <Name>System.Boolean ClassHierarchy.Person::Equals(System.Object)</Name>
              <FileRef uid="18" />
              <SequencePoints>
                <SequencePoint vc="5" uspid="574" ordinal="0" offset="0" sl="99" sc="9" el="99" ec="10" bec="0" bev="0" fileid="18" />
                <SequencePoint vc="5" uspid="575" ordinal="1" offset="1" sl="100" sc="13" el="102" ec="38" bec="3" bev="2" fileid="18" />
                <SequencePoint vc="5" uspid="576" ordinal="2" offset="50" sl="103" sc="9" el="103" ec="10" bec="0" bev="0" fileid="18" />
              </SequencePoints>
              <BranchPoints>
                <BranchPoint vc="5" uspid="577" ordinal="0" offset="9" sl="100" path="0" offsetend="11" fileid="18" />
                <BranchPoint vc="0" uspid="578" ordinal="1" offset="9" sl="100" path="1" offsetend="46" fileid="18" />
                <BranchPoint vc="5" uspid="579" ordinal="2" offset="28" sl="100" path="0" offsetend="30" fileid="18" />
                <BranchPoint vc="0" uspid="580" ordinal="3" offset="28" sl="100" path="1" offsetend="46" fileid="18" />
              </BranchPoints>
              <MethodPoint xsi:type="SequencePoint" vc="5" uspid="574" ordinal="0" offset="0" sl="99" sc="9" el="99" ec="10" bec="0" bev="0" fileid="18" />
            </Method>
            <Method visited="true" cyclomaticComplexity="1" nPathComplexity="0" sequenceCoverage="100" branchCoverage="100" crapScore="1" isConstructor="false" isStatic="false" isGetter="false" isSetter="false">
              <Summary numSequencePoints="6" visitedSequencePoints="6" numBranchPoints="1" visitedBranchPoints="1" sequenceCoverage="100" branchCoverage="100" maxCyclomaticComplexity="1" minCyclomaticComplexity="1" maxCrapScore="1" minCrapScore="1" visitedClasses="0" numClasses="0" visitedMethods="1" numMethods="1" />
              <MetadataToken>100663364</MetadataToken>
              <Name>System.Int32 ClassHierarchy.Person::GetHashCode()</Name>
              <FileRef uid="18" />
              <SequencePoints>
                <SequencePoint vc="4" uspid="581" ordinal="0" offset="0" sl="106" sc="9" el="106" ec="10" bec="0" bev="0" fileid="18" />
                <SequencePoint vc="4" uspid="582" ordinal="1" offset="1" sl="107" sc="13" el="107" ec="40" bec="0" bev="0" fileid="18" />
                <SequencePoint vc="4" uspid="583" ordinal="2" offset="7" sl="108" sc="13" el="108" ec="100" bec="0" bev="0" fileid="18" />
                <SequencePoint vc="4" uspid="584" ordinal="3" offset="32" sl="109" sc="13" el="109" ec="67" bec="0" bev="0" fileid="18" />
                <SequencePoint vc="4" uspid="585" ordinal="4" offset="55" sl="110" sc="13" el="110" ec="29" bec="0" bev="0" fileid="18" />
                <SequencePoint vc="4" uspid="586" ordinal="5" offset="59" sl="111" sc="9" el="111" ec="10" bec="0" bev="0" fileid="18" />
              </SequencePoints>
              <BranchPoints />
              <MethodPoint xsi:type="SequencePoint" vc="4" uspid="581" ordinal="0" offset="0" sl="106" sc="9" el="106" ec="10" bec="0" bev="0" fileid="18" />
            </Method>
            <Method visited="true" cyclomaticComplexity="1" nPathComplexity="0" sequenceCoverage="100" branchCoverage="100" crapScore="1" isConstructor="false" isStatic="false" isGetter="false" isSetter="false">
              <Summary numSequencePoints="3" visitedSequencePoints="3" numBranchPoints="1" visitedBranchPoints="1" sequenceCoverage="100" branchCoverage="100" maxCyclomaticComplexity="1" minCyclomaticComplexity="1" maxCrapScore="1" minCrapScore="1" visitedClasses="0" numClasses="0" visitedMethods="1" numMethods="1" />
              <MetadataToken>100663365</MetadataToken>
              <Name>System.Int32 ClassHierarchy.Person::CompareTo(ClassHierarchy.Person)</Name>
              <FileRef uid="18" />
              <SequencePoints>
                <SequencePoint vc="1" uspid="587" ordinal="0" offset="0" sl="114" sc="9" el="114" ec="10" bec="0" bev="0" fileid="18" />
                <SequencePoint vc="1" uspid="588" ordinal="1" offset="1" sl="115" sc="13" el="115" ec="53" bec="0" bev="0" fileid="18" />
                <SequencePoint vc="1" uspid="589" ordinal="2" offset="21" sl="116" sc="9" el="116" ec="10" bec="0" bev="0" fileid="18" />
              </SequencePoints>
              <BranchPoints />
              <MethodPoint xsi:type="SequencePoint" vc="1" uspid="587" ordinal="0" offset="0" sl="114" sc="9" el="114" ec="10" bec="0" bev="0" fileid="18" />
            </Method>
            <Method visited="true" cyclomaticComplexity="1" nPathComplexity="0" sequenceCoverage="100" branchCoverage="100" crapScore="1" isConstructor="false" isStatic="false" isGetter="false" isSetter="false">
              <Summary numSequencePoints="3" visitedSequencePoints="3" numBranchPoints="1" visitedBranchPoints="1" sequenceCoverage="100" branchCoverage="100" maxCyclomaticComplexity="1" minCyclomaticComplexity="1" maxCrapScore="1" minCrapScore="1" visitedClasses="0" numClasses="0" visitedMethods="1" numMethods="1" />
              <MetadataToken>100663366</MetadataToken>
              <Name>System.Object ClassHierarchy.Person::Clone()</Name>
              <FileRef uid="18" />
              <SequencePoints>
                <SequencePoint vc="1" uspid="590" ordinal="0" offset="0" sl="119" sc="9" el="119" ec="10" bec="0" bev="0" fileid="18" />
                <SequencePoint vc="1" uspid="591" ordinal="1" offset="1" sl="120" sc="13" el="120" ec="37" bec="0" bev="0" fileid="18" />
                <SequencePoint vc="1" uspid="592" ordinal="2" offset="10" sl="121" sc="9" el="121" ec="10" bec="0" bev="0" fileid="18" />
              </SequencePoints>
              <BranchPoints />
              <MethodPoint xsi:type="SequencePoint" vc="1" uspid="590" ordinal="0" offset="0" sl="119" sc="9" el="119" ec="10" bec="0" bev="0" fileid="18" />
            </Method>
            <Method visited="true" cyclomaticComplexity="1" nPathComplexity="0" sequenceCoverage="100" branchCoverage="100" crapScore="1" isConstructor="true" isStatic="true" isGetter="false" isSetter="false">
              <Summary numSequencePoints="1" visitedSequencePoints="1" numBranchPoints="1" visitedBranchPoints="1" sequenceCoverage="100" branchCoverage="100" maxCyclomaticComplexity="1" minCyclomaticComplexity="1" maxCrapScore="1" minCrapScore="1" visitedClasses="0" numClasses="0" visitedMethods="1" numMethods="1" />
              <MetadataToken>100663367</MetadataToken>
              <Name>System.Void ClassHierarchy.Person::.cctor()</Name>
              <FileRef uid="18" />
              <SequencePoints>
                <SequencePoint vc="1" uspid="593" ordinal="0" offset="0" sl="8" sc="9" el="8" ec="52" bec="0" bev="0" fileid="18" />
              </SequencePoints>
              <BranchPoints />
              <MethodPoint xsi:type="SequencePoint" vc="1" uspid="593" ordinal="0" offset="0" sl="8" sc="9" el="8" ec="52" bec="0" bev="0" fileid="18" />
            </Method>
          </Methods>
        </Class>
      </Classes>
    </Module>
  </Modules>
</CoverageSession>